[0708/175752.005:INFO:CONSOLE(1)] "CEF ANGULARJS PAGELOAD - config 1", source: file:///E:/Anato/Wallpapers/_Getintopc.com_Wallpaper_Engine_v1.4.180/Wallpaper_Engine_v1.4.180/ui/dist/scripts/scripts.js (1)
[0708/175752.006:INFO:CONSOLE(1)] "CEF ANGULARJS PAGELOAD - config 2", source: file:///E:/Anato/Wallpapers/_Getintopc.com_Wallpaper_Engine_v1.4.180/Wallpaper_Engine_v1.4.180/ui/dist/scripts/scripts.js (1)
[0708/175752.013:INFO:CONSOLE(1)] "CEF ANGULARJS PAGELOAD - declare localeLoader", source: file:///E:/Anato/Wallpapers/_Getintopc.com_Wallpaper_Engine_v1.4.180/Wallpaper_Engine_v1.4.180/ui/dist/scripts/scripts.js (1)
[0708/175752.013:INFO:CONSOLE(1)] "CEF ANGULARJS PAGELOAD - resolve locale via request applocale://en-us", source: file:///E:/Anato/Wallpapers/_Getintopc.com_Wallpaper_Engine_v1.4.180/Wallpaper_Engine_v1.4.180/ui/dist/scripts/scripts.js (1)
[0708/175752.021:INFO:CONSOLE(1)] "CEF ANGULARJS PAGELOAD - request localeLoader", source: file:///E:/Anato/Wallpapers/_Getintopc.com_Wallpaper_Engine_v1.4.180/Wallpaper_Engine_v1.4.180/ui/dist/scripts/scripts.js (1)
[0708/175752.024:INFO:CONSOLE(1)] "CEF ANGULARJS PAGELOAD - run", source: file:///E:/Anato/Wallpapers/_Getintopc.com_Wallpaper_Engine_v1.4.180/Wallpaper_Engine_v1.4.180/ui/dist/scripts/scripts.js (1)
[0708/175752.037:INFO:CONSOLE(1)] "CEF ANGULARJS PAGELOAD - success localeLoader", source: file:///E:/Anato/Wallpapers/_Getintopc.com_Wallpaper_Engine_v1.4.180/Wallpaper_Engine_v1.4.180/ui/dist/scripts/scripts.js (1)
[0708/175752.051:INFO:CONSOLE(1)] "CEF ANGULARJS PAGELOAD - route changed", source: file:///E:/Anato/Wallpapers/_Getintopc.com_Wallpaper_Engine_v1.4.180/Wallpaper_Engine_v1.4.180/ui/dist/scripts/scripts.js (1)
[0708/175752.100:INFO:CONSOLE(1)] "CEF ANGULARJS PAGELOAD - resolve locale from cache en-us", source: file:///E:/Anato/Wallpapers/_Getintopc.com_Wallpaper_Engine_v1.4.180/Wallpaper_Engine_v1.4.180/ui/dist/scripts/scripts.js (1)
[0708/175752.100:INFO:CONSOLE(1)] "CEF ANGULARJS PAGELOAD - request localeLoader", source: file:///E:/Anato/Wallpapers/_Getintopc.com_Wallpaper_Engine_v1.4.180/Wallpaper_Engine_v1.4.180/ui/dist/scripts/scripts.js (1)
[0708/175753.576:INFO:CONSOLE(1)] "CEF ANGULARJS PAGELOAD - notify cpp", source: file:///E:/Anato/Wallpapers/_Getintopc.com_Wallpaper_Engine_v1.4.180/Wallpaper_Engine_v1.4.180/ui/dist/scripts/scripts.js (1)
[0708/175753.642:INFO:CONSOLE(1)] "CEF ANGULARJS PAGELOAD - resolve locale from cache en-us", source: file:///E:/Anato/Wallpapers/_Getintopc.com_Wallpaper_Engine_v1.4.180/Wallpaper_Engine_v1.4.180/ui/dist/scripts/scripts.js (1)
[0708/175753.642:INFO:CONSOLE(1)] "CEF ANGULARJS PAGELOAD - request localeLoader", source: file:///E:/Anato/Wallpapers/_Getintopc.com_Wallpaper_Engine_v1.4.180/Wallpaper_Engine_v1.4.180/ui/dist/scripts/scripts.js (1)
[0708/175845.249:INFO:CONSOLE(1)] "CEF ANGULARJS PAGELOAD - config 1", source: file:///E:/Anato/Wallpapers/_Getintopc.com_Wallpaper_Engine_v1.4.180/Wallpaper_Engine_v1.4.180/ui/dist/scripts/scripts.js (1)
[0708/175845.250:INFO:CONSOLE(1)] "CEF ANGULARJS PAGELOAD - config 2", source: file:///E:/Anato/Wallpapers/_Getintopc.com_Wallpaper_Engine_v1.4.180/Wallpaper_Engine_v1.4.180/ui/dist/scripts/scripts.js (1)
[0708/175845.259:INFO:CONSOLE(1)] "CEF ANGULARJS PAGELOAD - declare localeLoader", source: file:///E:/Anato/Wallpapers/_Getintopc.com_Wallpaper_Engine_v1.4.180/Wallpaper_Engine_v1.4.180/ui/dist/scripts/scripts.js (1)
[0708/175845.259:INFO:CONSOLE(1)] "CEF ANGULARJS PAGELOAD - resolve locale via request applocale://en-us", source: file:///E:/Anato/Wallpapers/_Getintopc.com_Wallpaper_Engine_v1.4.180/Wallpaper_Engine_v1.4.180/ui/dist/scripts/scripts.js (1)
[0708/175845.270:INFO:CONSOLE(1)] "CEF ANGULARJS PAGELOAD - request localeLoader", source: file:///E:/Anato/Wallpapers/_Getintopc.com_Wallpaper_Engine_v1.4.180/Wallpaper_Engine_v1.4.180/ui/dist/scripts/scripts.js (1)
[0708/175845.275:INFO:CONSOLE(1)] "CEF ANGULARJS PAGELOAD - run", source: file:///E:/Anato/Wallpapers/_Getintopc.com_Wallpaper_Engine_v1.4.180/Wallpaper_Engine_v1.4.180/ui/dist/scripts/scripts.js (1)
[0708/175845.290:INFO:CONSOLE(1)] "CEF ANGULARJS PAGELOAD - success localeLoader", source: file:///E:/Anato/Wallpapers/_Getintopc.com_Wallpaper_Engine_v1.4.180/Wallpaper_Engine_v1.4.180/ui/dist/scripts/scripts.js (1)
[0708/175845.314:INFO:CONSOLE(1)] "CEF ANGULARJS PAGELOAD - route changed", source: file:///E:/Anato/Wallpapers/_Getintopc.com_Wallpaper_Engine_v1.4.180/Wallpaper_Engine_v1.4.180/ui/dist/scripts/scripts.js (1)
[0708/175845.636:INFO:CONSOLE(1)] "CEF ANGULARJS PAGELOAD - resolve locale from cache en-us", source: file:///E:/Anato/Wallpapers/_Getintopc.com_Wallpaper_Engine_v1.4.180/Wallpaper_Engine_v1.4.180/ui/dist/scripts/scripts.js (1)
[0708/175845.636:INFO:CONSOLE(1)] "CEF ANGULARJS PAGELOAD - request localeLoader", source: file:///E:/Anato/Wallpapers/_Getintopc.com_Wallpaper_Engine_v1.4.180/Wallpaper_Engine_v1.4.180/ui/dist/scripts/scripts.js (1)
[0708/175845.647:INFO:CONSOLE(1)] "CEF ANGULARJS PAGELOAD - notify cpp", source: file:///E:/Anato/Wallpapers/_Getintopc.com_Wallpaper_Engine_v1.4.180/Wallpaper_Engine_v1.4.180/ui/dist/scripts/scripts.js (1)
[0708/175845.845:INFO:CONSOLE(1)] "CEF ANGULARJS BROWSER - onCppInit begin", source: file:///E:/Anato/Wallpapers/_Getintopc.com_Wallpaper_Engine_v1.4.180/Wallpaper_Engine_v1.4.180/ui/dist/scripts/scripts.js (1)
[0708/175845.845:INFO:CONSOLE(1)] "CEF ANGULARJS BROWSER - onCppInit end", source: file:///E:/Anato/Wallpapers/_Getintopc.com_Wallpaper_Engine_v1.4.180/Wallpaper_Engine_v1.4.180/ui/dist/scripts/scripts.js (1)
[0708/175846.015:INFO:CONSOLE(1)] "CEF ANGULARJS PAGELOAD - resolve locale from cache en-us", source: file:///E:/Anato/Wallpapers/_Getintopc.com_Wallpaper_Engine_v1.4.180/Wallpaper_Engine_v1.4.180/ui/dist/scripts/scripts.js (1)
[0708/175846.015:INFO:CONSOLE(1)] "CEF ANGULARJS PAGELOAD - request localeLoader", source: file:///E:/Anato/Wallpapers/_Getintopc.com_Wallpaper_Engine_v1.4.180/Wallpaper_Engine_v1.4.180/ui/dist/scripts/scripts.js (1)
[0708/175916.110:INFO:CONSOLE(1)] "CEF ANGULARJS PAGELOAD - config 1", source: file:///E:/Anato/Wallpapers/_Getintopc.com_Wallpaper_Engine_v1.4.180/Wallpaper_Engine_v1.4.180/ui/dist/scripts/scripts.js (1)
[0708/175916.110:INFO:CONSOLE(1)] "CEF ANGULARJS PAGELOAD - config 2", source: file:///E:/Anato/Wallpapers/_Getintopc.com_Wallpaper_Engine_v1.4.180/Wallpaper_Engine_v1.4.180/ui/dist/scripts/scripts.js (1)
[0708/175916.118:INFO:CONSOLE(1)] "CEF ANGULARJS PAGELOAD - declare localeLoader", source: file:///E:/Anato/Wallpapers/_Getintopc.com_Wallpaper_Engine_v1.4.180/Wallpaper_Engine_v1.4.180/ui/dist/scripts/scripts.js (1)
[0708/175916.118:INFO:CONSOLE(1)] "CEF ANGULARJS PAGELOAD - resolve locale via request applocale://en-us", source: file:///E:/Anato/Wallpapers/_Getintopc.com_Wallpaper_Engine_v1.4.180/Wallpaper_Engine_v1.4.180/ui/dist/scripts/scripts.js (1)
[0708/175916.127:INFO:CONSOLE(1)] "CEF ANGULARJS PAGELOAD - request localeLoader", source: file:///E:/Anato/Wallpapers/_Getintopc.com_Wallpaper_Engine_v1.4.180/Wallpaper_Engine_v1.4.180/ui/dist/scripts/scripts.js (1)
[0708/175916.130:INFO:CONSOLE(1)] "CEF ANGULARJS PAGELOAD - run", source: file:///E:/Anato/Wallpapers/_Getintopc.com_Wallpaper_Engine_v1.4.180/Wallpaper_Engine_v1.4.180/ui/dist/scripts/scripts.js (1)
[0708/175916.143:INFO:CONSOLE(1)] "CEF ANGULARJS PAGELOAD - success localeLoader", source: file:///E:/Anato/Wallpapers/_Getintopc.com_Wallpaper_Engine_v1.4.180/Wallpaper_Engine_v1.4.180/ui/dist/scripts/scripts.js (1)
[0708/175916.160:INFO:CONSOLE(1)] "CEF ANGULARJS PAGELOAD - route changed", source: file:///E:/Anato/Wallpapers/_Getintopc.com_Wallpaper_Engine_v1.4.180/Wallpaper_Engine_v1.4.180/ui/dist/scripts/scripts.js (1)
[0708/175916.549:INFO:CONSOLE(1)] "CEF ANGULARJS PAGELOAD - resolve locale from cache en-us", source: file:///E:/Anato/Wallpapers/_Getintopc.com_Wallpaper_Engine_v1.4.180/Wallpaper_Engine_v1.4.180/ui/dist/scripts/scripts.js (1)
[0708/175916.549:INFO:CONSOLE(1)] "CEF ANGULARJS PAGELOAD - request localeLoader", source: file:///E:/Anato/Wallpapers/_Getintopc.com_Wallpaper_Engine_v1.4.180/Wallpaper_Engine_v1.4.180/ui/dist/scripts/scripts.js (1)
[0708/175916.580:INFO:CONSOLE(1)] "CEF ANGULARJS PAGELOAD - notify cpp", source: file:///E:/Anato/Wallpapers/_Getintopc.com_Wallpaper_Engine_v1.4.180/Wallpaper_Engine_v1.4.180/ui/dist/scripts/scripts.js (1)
[0708/175916.706:INFO:CONSOLE(1)] "TypeError: Cannot read property 'previewSizeChanged' of undefined", source: file:///E:/Anato/Wallpapers/_Getintopc.com_Wallpaper_Engine_v1.4.180/Wallpaper_Engine_v1.4.180/ui/dist/scripts/vendor.js (1)
[0708/175916.706:INFO:CONSOLE(1)] "TypeError: Cannot read property 'previewSizeChanged' of undefined Possibly unhandled rejection: {}", source: file:///E:/Anato/Wallpapers/_Getintopc.com_Wallpaper_Engine_v1.4.180/Wallpaper_Engine_v1.4.180/ui/dist/scripts/vendor.js (1)
[0708/175916.838:INFO:CONSOLE(1)] "CEF ANGULARJS PAGELOAD - resolve locale from cache en-us", source: file:///E:/Anato/Wallpapers/_Getintopc.com_Wallpaper_Engine_v1.4.180/Wallpaper_Engine_v1.4.180/ui/dist/scripts/scripts.js (1)
[0708/175916.838:INFO:CONSOLE(1)] "CEF ANGULARJS PAGELOAD - request localeLoader", source: file:///E:/Anato/Wallpapers/_Getintopc.com_Wallpaper_Engine_v1.4.180/Wallpaper_Engine_v1.4.180/ui/dist/scripts/scripts.js (1)
[0708/175920.052:INFO:CONSOLE(1)] "Possibly unhandled rejection: cancel", source: file:///E:/Anato/Wallpapers/_Getintopc.com_Wallpaper_Engine_v1.4.180/Wallpaper_Engine_v1.4.180/ui/dist/scripts/vendor.js (1)
[0708/180006.803:INFO:CONSOLE(1)] "CEF ANGULARJS PAGELOAD - config 1", source: file:///E:/Anato/Wallpapers/_Getintopc.com_Wallpaper_Engine_v1.4.180/Wallpaper_Engine_v1.4.180/ui/dist/scripts/scripts.js (1)
[0708/180006.804:INFO:CONSOLE(1)] "CEF ANGULARJS PAGELOAD - config 2", source: file:///E:/Anato/Wallpapers/_Getintopc.com_Wallpaper_Engine_v1.4.180/Wallpaper_Engine_v1.4.180/ui/dist/scripts/scripts.js (1)
[0708/180006.811:INFO:CONSOLE(1)] "CEF ANGULARJS PAGELOAD - declare localeLoader", source: file:///E:/Anato/Wallpapers/_Getintopc.com_Wallpaper_Engine_v1.4.180/Wallpaper_Engine_v1.4.180/ui/dist/scripts/scripts.js (1)
[0708/180006.812:INFO:CONSOLE(1)] "CEF ANGULARJS PAGELOAD - resolve locale via request applocale://en-us", source: file:///E:/Anato/Wallpapers/_Getintopc.com_Wallpaper_Engine_v1.4.180/Wallpaper_Engine_v1.4.180/ui/dist/scripts/scripts.js (1)
[0708/180006.820:INFO:CONSOLE(1)] "CEF ANGULARJS PAGELOAD - request localeLoader", source: file:///E:/Anato/Wallpapers/_Getintopc.com_Wallpaper_Engine_v1.4.180/Wallpaper_Engine_v1.4.180/ui/dist/scripts/scripts.js (1)
[0708/180006.823:INFO:CONSOLE(1)] "CEF ANGULARJS PAGELOAD - run", source: file:///E:/Anato/Wallpapers/_Getintopc.com_Wallpaper_Engine_v1.4.180/Wallpaper_Engine_v1.4.180/ui/dist/scripts/scripts.js (1)
[0708/180006.834:INFO:CONSOLE(1)] "CEF ANGULARJS PAGELOAD - success localeLoader", source: file:///E:/Anato/Wallpapers/_Getintopc.com_Wallpaper_Engine_v1.4.180/Wallpaper_Engine_v1.4.180/ui/dist/scripts/scripts.js (1)
[0708/180006.849:INFO:CONSOLE(1)] "CEF ANGULARJS PAGELOAD - route changed", source: file:///E:/Anato/Wallpapers/_Getintopc.com_Wallpaper_Engine_v1.4.180/Wallpaper_Engine_v1.4.180/ui/dist/scripts/scripts.js (1)
[0708/180007.109:INFO:CONSOLE(1)] "CEF ANGULARJS PAGELOAD - resolve locale from cache en-us", source: file:///E:/Anato/Wallpapers/_Getintopc.com_Wallpaper_Engine_v1.4.180/Wallpaper_Engine_v1.4.180/ui/dist/scripts/scripts.js (1)
[0708/180007.109:INFO:CONSOLE(1)] "CEF ANGULARJS PAGELOAD - request localeLoader", source: file:///E:/Anato/Wallpapers/_Getintopc.com_Wallpaper_Engine_v1.4.180/Wallpaper_Engine_v1.4.180/ui/dist/scripts/scripts.js (1)
[0708/180007.120:INFO:CONSOLE(1)] "CEF ANGULARJS PAGELOAD - notify cpp", source: file:///E:/Anato/Wallpapers/_Getintopc.com_Wallpaper_Engine_v1.4.180/Wallpaper_Engine_v1.4.180/ui/dist/scripts/scripts.js (1)
[0708/180007.251:INFO:CONSOLE(1)] "CEF ANGULARJS BROWSER - onCppInit begin", source: file:///E:/Anato/Wallpapers/_Getintopc.com_Wallpaper_Engine_v1.4.180/Wallpaper_Engine_v1.4.180/ui/dist/scripts/scripts.js (1)
[0708/180007.252:INFO:CONSOLE(1)] "CEF ANGULARJS BROWSER - onCppInit end", source: file:///E:/Anato/Wallpapers/_Getintopc.com_Wallpaper_Engine_v1.4.180/Wallpaper_Engine_v1.4.180/ui/dist/scripts/scripts.js (1)
[0708/180007.411:INFO:CONSOLE(1)] "CEF ANGULARJS PAGELOAD - resolve locale from cache en-us", source: file:///E:/Anato/Wallpapers/_Getintopc.com_Wallpaper_Engine_v1.4.180/Wallpaper_Engine_v1.4.180/ui/dist/scripts/scripts.js (1)
[0708/180007.411:INFO:CONSOLE(1)] "CEF ANGULARJS PAGELOAD - request localeLoader", source: file:///E:/Anato/Wallpapers/_Getintopc.com_Wallpaper_Engine_v1.4.180/Wallpaper_Engine_v1.4.180/ui/dist/scripts/scripts.js (1)
[0708/180050.660:INFO:CONSOLE(1)] "CEF ANGULARJS PAGELOAD - config 1", source: file:///E:/Anato/Wallpapers/_Getintopc.com_Wallpaper_Engine_v1.4.180/Wallpaper_Engine_v1.4.180/ui/dist/scripts/scripts.js (1)
[0708/180050.661:INFO:CONSOLE(1)] "CEF ANGULARJS PAGELOAD - config 2", source: file:///E:/Anato/Wallpapers/_Getintopc.com_Wallpaper_Engine_v1.4.180/Wallpaper_Engine_v1.4.180/ui/dist/scripts/scripts.js (1)
[0708/180050.669:INFO:CONSOLE(1)] "CEF ANGULARJS PAGELOAD - declare localeLoader", source: file:///E:/Anato/Wallpapers/_Getintopc.com_Wallpaper_Engine_v1.4.180/Wallpaper_Engine_v1.4.180/ui/dist/scripts/scripts.js (1)
[0708/180050.669:INFO:CONSOLE(1)] "CEF ANGULARJS PAGELOAD - resolve locale via request applocale://en-us", source: file:///E:/Anato/Wallpapers/_Getintopc.com_Wallpaper_Engine_v1.4.180/Wallpaper_Engine_v1.4.180/ui/dist/scripts/scripts.js (1)
[0708/180050.678:INFO:CONSOLE(1)] "CEF ANGULARJS PAGELOAD - request localeLoader", source: file:///E:/Anato/Wallpapers/_Getintopc.com_Wallpaper_Engine_v1.4.180/Wallpaper_Engine_v1.4.180/ui/dist/scripts/scripts.js (1)
[0708/180050.682:INFO:CONSOLE(1)] "CEF ANGULARJS PAGELOAD - run", source: file:///E:/Anato/Wallpapers/_Getintopc.com_Wallpaper_Engine_v1.4.180/Wallpaper_Engine_v1.4.180/ui/dist/scripts/scripts.js (1)
[0708/180050.699:INFO:CONSOLE(1)] "CEF ANGULARJS PAGELOAD - success localeLoader", source: file:///E:/Anato/Wallpapers/_Getintopc.com_Wallpaper_Engine_v1.4.180/Wallpaper_Engine_v1.4.180/ui/dist/scripts/scripts.js (1)
[0708/180050.716:INFO:CONSOLE(1)] "CEF ANGULARJS PAGELOAD - route changed", source: file:///E:/Anato/Wallpapers/_Getintopc.com_Wallpaper_Engine_v1.4.180/Wallpaper_Engine_v1.4.180/ui/dist/scripts/scripts.js (1)
[0708/180051.096:INFO:CONSOLE(1)] "CEF ANGULARJS PAGELOAD - resolve locale from cache en-us", source: file:///E:/Anato/Wallpapers/_Getintopc.com_Wallpaper_Engine_v1.4.180/Wallpaper_Engine_v1.4.180/ui/dist/scripts/scripts.js (1)
[0708/180051.096:INFO:CONSOLE(1)] "CEF ANGULARJS PAGELOAD - request localeLoader", source: file:///E:/Anato/Wallpapers/_Getintopc.com_Wallpaper_Engine_v1.4.180/Wallpaper_Engine_v1.4.180/ui/dist/scripts/scripts.js (1)
[0708/180051.114:INFO:CONSOLE(1)] "CEF ANGULARJS PAGELOAD - notify cpp", source: file:///E:/Anato/Wallpapers/_Getintopc.com_Wallpaper_Engine_v1.4.180/Wallpaper_Engine_v1.4.180/ui/dist/scripts/scripts.js (1)
[0708/180051.268:INFO:CONSOLE(1)] "CEF ANGULARJS BROWSER - onCppInit begin", source: file:///E:/Anato/Wallpapers/_Getintopc.com_Wallpaper_Engine_v1.4.180/Wallpaper_Engine_v1.4.180/ui/dist/scripts/scripts.js (1)
[0708/180051.268:INFO:CONSOLE(1)] "CEF ANGULARJS BROWSER - onCppInit end", source: file:///E:/Anato/Wallpapers/_Getintopc.com_Wallpaper_Engine_v1.4.180/Wallpaper_Engine_v1.4.180/ui/dist/scripts/scripts.js (1)
[0708/180051.626:INFO:CONSOLE(1)] "CEF ANGULARJS PAGELOAD - resolve locale from cache en-us", source: file:///E:/Anato/Wallpapers/_Getintopc.com_Wallpaper_Engine_v1.4.180/Wallpaper_Engine_v1.4.180/ui/dist/scripts/scripts.js (1)
[0708/180051.627:INFO:CONSOLE(1)] "CEF ANGULARJS PAGELOAD - request localeLoader", source: file:///E:/Anato/Wallpapers/_Getintopc.com_Wallpaper_Engine_v1.4.180/Wallpaper_Engine_v1.4.180/ui/dist/scripts/scripts.js (1)
[0708/180110.572:INFO:CONSOLE(1)] "Possibly unhandled rejection: ", source: file:///E:/Anato/Wallpapers/_Getintopc.com_Wallpaper_Engine_v1.4.180/Wallpaper_Engine_v1.4.180/ui/dist/scripts/vendor.js (1)
[0708/180110.572:INFO:CONSOLE(1)] "Possibly unhandled rejection: ", source: file:///E:/Anato/Wallpapers/_Getintopc.com_Wallpaper_Engine_v1.4.180/Wallpaper_Engine_v1.4.180/ui/dist/scripts/vendor.js (1)
[0708/180112.724:INFO:CONSOLE(1)] "Possibly unhandled rejection: ", source: file:///E:/Anato/Wallpapers/_Getintopc.com_Wallpaper_Engine_v1.4.180/Wallpaper_Engine_v1.4.180/ui/dist/scripts/vendor.js (1)
[0708/180112.769:INFO:CONSOLE(1)] "Possibly unhandled rejection: ", source: file:///E:/Anato/Wallpapers/_Getintopc.com_Wallpaper_Engine_v1.4.180/Wallpaper_Engine_v1.4.180/ui/dist/scripts/vendor.js (1)
[0708/180112.802:INFO:CONSOLE(1)] "Possibly unhandled rejection: ", source: file:///E:/Anato/Wallpapers/_Getintopc.com_Wallpaper_Engine_v1.4.180/Wallpaper_Engine_v1.4.180/ui/dist/scripts/vendor.js (1)
[0708/180112.832:INFO:CONSOLE(1)] "Possibly unhandled rejection: ", source: file:///E:/Anato/Wallpapers/_Getintopc.com_Wallpaper_Engine_v1.4.180/Wallpaper_Engine_v1.4.180/ui/dist/scripts/vendor.js (1)
[0708/180143.111:INFO:CONSOLE(1)] "CEF ANGULARJS PAGELOAD - config 1", source: file:///E:/Anato/Wallpapers/_Getintopc.com_Wallpaper_Engine_v1.4.180/Wallpaper_Engine_v1.4.180/ui/dist/scripts/scripts.js (1)
[0708/180143.112:INFO:CONSOLE(1)] "CEF ANGULARJS PAGELOAD - config 2", source: file:///E:/Anato/Wallpapers/_Getintopc.com_Wallpaper_Engine_v1.4.180/Wallpaper_Engine_v1.4.180/ui/dist/scripts/scripts.js (1)
[0708/180143.120:INFO:CONSOLE(1)] "CEF ANGULARJS PAGELOAD - declare localeLoader", source: file:///E:/Anato/Wallpapers/_Getintopc.com_Wallpaper_Engine_v1.4.180/Wallpaper_Engine_v1.4.180/ui/dist/scripts/scripts.js (1)
[0708/180143.120:INFO:CONSOLE(1)] "CEF ANGULARJS PAGELOAD - resolve locale via request applocale://en-us", source: file:///E:/Anato/Wallpapers/_Getintopc.com_Wallpaper_Engine_v1.4.180/Wallpaper_Engine_v1.4.180/ui/dist/scripts/scripts.js (1)
[0708/180143.129:INFO:CONSOLE(1)] "CEF ANGULARJS PAGELOAD - request localeLoader", source: file:///E:/Anato/Wallpapers/_Getintopc.com_Wallpaper_Engine_v1.4.180/Wallpaper_Engine_v1.4.180/ui/dist/scripts/scripts.js (1)
[0708/180143.131:INFO:CONSOLE(1)] "CEF ANGULARJS PAGELOAD - run", source: file:///E:/Anato/Wallpapers/_Getintopc.com_Wallpaper_Engine_v1.4.180/Wallpaper_Engine_v1.4.180/ui/dist/scripts/scripts.js (1)
[0708/180143.143:INFO:CONSOLE(1)] "CEF ANGULARJS PAGELOAD - success localeLoader", source: file:///E:/Anato/Wallpapers/_Getintopc.com_Wallpaper_Engine_v1.4.180/Wallpaper_Engine_v1.4.180/ui/dist/scripts/scripts.js (1)
[0708/180143.167:INFO:CONSOLE(1)] "CEF ANGULARJS PAGELOAD - route changed", source: file:///E:/Anato/Wallpapers/_Getintopc.com_Wallpaper_Engine_v1.4.180/Wallpaper_Engine_v1.4.180/ui/dist/scripts/scripts.js (1)
[0708/180143.535:INFO:CONSOLE(1)] "CEF ANGULARJS PAGELOAD - resolve locale from cache en-us", source: file:///E:/Anato/Wallpapers/_Getintopc.com_Wallpaper_Engine_v1.4.180/Wallpaper_Engine_v1.4.180/ui/dist/scripts/scripts.js (1)
[0708/180143.535:INFO:CONSOLE(1)] "CEF ANGULARJS PAGELOAD - request localeLoader", source: file:///E:/Anato/Wallpapers/_Getintopc.com_Wallpaper_Engine_v1.4.180/Wallpaper_Engine_v1.4.180/ui/dist/scripts/scripts.js (1)
[0708/180143.551:INFO:CONSOLE(1)] "CEF ANGULARJS PAGELOAD - notify cpp", source: file:///E:/Anato/Wallpapers/_Getintopc.com_Wallpaper_Engine_v1.4.180/Wallpaper_Engine_v1.4.180/ui/dist/scripts/scripts.js (1)
[0708/180143.710:INFO:CONSOLE(1)] "CEF ANGULARJS BROWSER - onCppInit begin", source: file:///E:/Anato/Wallpapers/_Getintopc.com_Wallpaper_Engine_v1.4.180/Wallpaper_Engine_v1.4.180/ui/dist/scripts/scripts.js (1)
[0708/180143.710:INFO:CONSOLE(1)] "CEF ANGULARJS BROWSER - onCppInit end", source: file:///E:/Anato/Wallpapers/_Getintopc.com_Wallpaper_Engine_v1.4.180/Wallpaper_Engine_v1.4.180/ui/dist/scripts/scripts.js (1)
[0708/180144.043:INFO:CONSOLE(1)] "CEF ANGULARJS PAGELOAD - resolve locale from cache en-us", source: file:///E:/Anato/Wallpapers/_Getintopc.com_Wallpaper_Engine_v1.4.180/Wallpaper_Engine_v1.4.180/ui/dist/scripts/scripts.js (1)
[0708/180144.043:INFO:CONSOLE(1)] "CEF ANGULARJS PAGELOAD - request localeLoader", source: file:///E:/Anato/Wallpapers/_Getintopc.com_Wallpaper_Engine_v1.4.180/Wallpaper_Engine_v1.4.180/ui/dist/scripts/scripts.js (1)
[0708/180204.911:INFO:CONSOLE(1)] "CEF ANGULARJS PAGELOAD - config 1", source: file:///E:/Anato/Wallpapers/_Getintopc.com_Wallpaper_Engine_v1.4.180/Wallpaper_Engine_v1.4.180/ui/dist/scripts/scripts.js (1)
[0708/180204.912:INFO:CONSOLE(1)] "CEF ANGULARJS PAGELOAD - config 2", source: file:///E:/Anato/Wallpapers/_Getintopc.com_Wallpaper_Engine_v1.4.180/Wallpaper_Engine_v1.4.180/ui/dist/scripts/scripts.js (1)
[0708/180204.927:INFO:CONSOLE(1)] "CEF ANGULARJS PAGELOAD - declare localeLoader", source: file:///E:/Anato/Wallpapers/_Getintopc.com_Wallpaper_Engine_v1.4.180/Wallpaper_Engine_v1.4.180/ui/dist/scripts/scripts.js (1)
[0708/180204.928:INFO:CONSOLE(1)] "CEF ANGULARJS PAGELOAD - resolve locale via request applocale://en-us", source: file:///E:/Anato/Wallpapers/_Getintopc.com_Wallpaper_Engine_v1.4.180/Wallpaper_Engine_v1.4.180/ui/dist/scripts/scripts.js (1)
[0708/180204.937:INFO:CONSOLE(1)] "CEF ANGULARJS PAGELOAD - request localeLoader", source: file:///E:/Anato/Wallpapers/_Getintopc.com_Wallpaper_Engine_v1.4.180/Wallpaper_Engine_v1.4.180/ui/dist/scripts/scripts.js (1)
[0708/180204.941:INFO:CONSOLE(1)] "CEF ANGULARJS PAGELOAD - run", source: file:///E:/Anato/Wallpapers/_Getintopc.com_Wallpaper_Engine_v1.4.180/Wallpaper_Engine_v1.4.180/ui/dist/scripts/scripts.js (1)
[0708/180204.960:INFO:CONSOLE(1)] "CEF ANGULARJS PAGELOAD - success localeLoader", source: file:///E:/Anato/Wallpapers/_Getintopc.com_Wallpaper_Engine_v1.4.180/Wallpaper_Engine_v1.4.180/ui/dist/scripts/scripts.js (1)
[0708/180204.985:INFO:CONSOLE(1)] "CEF ANGULARJS PAGELOAD - route changed", source: file:///E:/Anato/Wallpapers/_Getintopc.com_Wallpaper_Engine_v1.4.180/Wallpaper_Engine_v1.4.180/ui/dist/scripts/scripts.js (1)
[0708/180205.420:INFO:CONSOLE(1)] "CEF ANGULARJS PAGELOAD - resolve locale from cache en-us", source: file:///E:/Anato/Wallpapers/_Getintopc.com_Wallpaper_Engine_v1.4.180/Wallpaper_Engine_v1.4.180/ui/dist/scripts/scripts.js (1)
[0708/180205.420:INFO:CONSOLE(1)] "CEF ANGULARJS PAGELOAD - request localeLoader", source: file:///E:/Anato/Wallpapers/_Getintopc.com_Wallpaper_Engine_v1.4.180/Wallpaper_Engine_v1.4.180/ui/dist/scripts/scripts.js (1)
[0708/180205.435:INFO:CONSOLE(1)] "CEF ANGULARJS PAGELOAD - notify cpp", source: file:///E:/Anato/Wallpapers/_Getintopc.com_Wallpaper_Engine_v1.4.180/Wallpaper_Engine_v1.4.180/ui/dist/scripts/scripts.js (1)
[0708/180205.641:INFO:CONSOLE(1)] "CEF ANGULARJS BROWSER - onCppInit begin", source: file:///E:/Anato/Wallpapers/_Getintopc.com_Wallpaper_Engine_v1.4.180/Wallpaper_Engine_v1.4.180/ui/dist/scripts/scripts.js (1)
[0708/180205.642:INFO:CONSOLE(1)] "CEF ANGULARJS BROWSER - onCppInit end", source: file:///E:/Anato/Wallpapers/_Getintopc.com_Wallpaper_Engine_v1.4.180/Wallpaper_Engine_v1.4.180/ui/dist/scripts/scripts.js (1)
[0708/180206.095:INFO:CONSOLE(1)] "CEF ANGULARJS PAGELOAD - resolve locale from cache en-us", source: file:///E:/Anato/Wallpapers/_Getintopc.com_Wallpaper_Engine_v1.4.180/Wallpaper_Engine_v1.4.180/ui/dist/scripts/scripts.js (1)
[0708/180206.095:INFO:CONSOLE(1)] "CEF ANGULARJS PAGELOAD - request localeLoader", source: file:///E:/Anato/Wallpapers/_Getintopc.com_Wallpaper_Engine_v1.4.180/Wallpaper_Engine_v1.4.180/ui/dist/scripts/scripts.js (1)
[0708/180246.577:INFO:CONSOLE(1)] "CEF ANGULARJS PAGELOAD - config 1", source: file:///E:/Anato/Wallpapers/_Getintopc.com_Wallpaper_Engine_v1.4.180/Wallpaper_Engine_v1.4.180/ui/dist/scripts/scripts.js (1)
[0708/180246.578:INFO:CONSOLE(1)] "CEF ANGULARJS PAGELOAD - config 2", source: file:///E:/Anato/Wallpapers/_Getintopc.com_Wallpaper_Engine_v1.4.180/Wallpaper_Engine_v1.4.180/ui/dist/scripts/scripts.js (1)
[0708/180246.593:INFO:CONSOLE(1)] "CEF ANGULARJS PAGELOAD - declare localeLoader", source: file:///E:/Anato/Wallpapers/_Getintopc.com_Wallpaper_Engine_v1.4.180/Wallpaper_Engine_v1.4.180/ui/dist/scripts/scripts.js (1)
[0708/180246.593:INFO:CONSOLE(1)] "CEF ANGULARJS PAGELOAD - resolve locale via request applocale://en-us", source: file:///E:/Anato/Wallpapers/_Getintopc.com_Wallpaper_Engine_v1.4.180/Wallpaper_Engine_v1.4.180/ui/dist/scripts/scripts.js (1)
[0708/180246.609:INFO:CONSOLE(1)] "CEF ANGULARJS PAGELOAD - request localeLoader", source: file:///E:/Anato/Wallpapers/_Getintopc.com_Wallpaper_Engine_v1.4.180/Wallpaper_Engine_v1.4.180/ui/dist/scripts/scripts.js (1)
[0708/180246.612:INFO:CONSOLE(1)] "CEF ANGULARJS PAGELOAD - run", source: file:///E:/Anato/Wallpapers/_Getintopc.com_Wallpaper_Engine_v1.4.180/Wallpaper_Engine_v1.4.180/ui/dist/scripts/scripts.js (1)
[0708/180246.637:INFO:CONSOLE(1)] "CEF ANGULARJS PAGELOAD - success localeLoader", source: file:///E:/Anato/Wallpapers/_Getintopc.com_Wallpaper_Engine_v1.4.180/Wallpaper_Engine_v1.4.180/ui/dist/scripts/scripts.js (1)
[0708/180246.681:INFO:CONSOLE(1)] "CEF ANGULARJS PAGELOAD - route changed", source: file:///E:/Anato/Wallpapers/_Getintopc.com_Wallpaper_Engine_v1.4.180/Wallpaper_Engine_v1.4.180/ui/dist/scripts/scripts.js (1)
[0708/180247.427:INFO:CONSOLE(1)] "CEF ANGULARJS PAGELOAD - resolve locale from cache en-us", source: file:///E:/Anato/Wallpapers/_Getintopc.com_Wallpaper_Engine_v1.4.180/Wallpaper_Engine_v1.4.180/ui/dist/scripts/scripts.js (1)
[0708/180247.427:INFO:CONSOLE(1)] "CEF ANGULARJS PAGELOAD - request localeLoader", source: file:///E:/Anato/Wallpapers/_Getintopc.com_Wallpaper_Engine_v1.4.180/Wallpaper_Engine_v1.4.180/ui/dist/scripts/scripts.js (1)
[0708/180247.446:INFO:CONSOLE(1)] "CEF ANGULARJS PAGELOAD - notify cpp", source: file:///E:/Anato/Wallpapers/_Getintopc.com_Wallpaper_Engine_v1.4.180/Wallpaper_Engine_v1.4.180/ui/dist/scripts/scripts.js (1)
[0708/180247.712:INFO:CONSOLE(1)] "CEF ANGULARJS BROWSER - onCppInit begin", source: file:///E:/Anato/Wallpapers/_Getintopc.com_Wallpaper_Engine_v1.4.180/Wallpaper_Engine_v1.4.180/ui/dist/scripts/scripts.js (1)
[0708/180247.712:INFO:CONSOLE(1)] "CEF ANGULARJS BROWSER - onCppInit end", source: file:///E:/Anato/Wallpapers/_Getintopc.com_Wallpaper_Engine_v1.4.180/Wallpaper_Engine_v1.4.180/ui/dist/scripts/scripts.js (1)
[0708/180248.420:INFO:CONSOLE(1)] "CEF ANGULARJS PAGELOAD - resolve locale from cache en-us", source: file:///E:/Anato/Wallpapers/_Getintopc.com_Wallpaper_Engine_v1.4.180/Wallpaper_Engine_v1.4.180/ui/dist/scripts/scripts.js (1)
[0708/180248.420:INFO:CONSOLE(1)] "CEF ANGULARJS PAGELOAD - request localeLoader", source: file:///E:/Anato/Wallpapers/_Getintopc.com_Wallpaper_Engine_v1.4.180/Wallpaper_Engine_v1.4.180/ui/dist/scripts/scripts.js (1)
[0708/180328.616:INFO:CONSOLE(1)] "CEF ANGULARJS PAGELOAD - config 1", source: file:///E:/Anato/Wallpapers/_Getintopc.com_Wallpaper_Engine_v1.4.180/Wallpaper_Engine_v1.4.180/ui/dist/scripts/scripts.js (1)
[0708/180328.616:INFO:CONSOLE(1)] "CEF ANGULARJS PAGELOAD - config 2", source: file:///E:/Anato/Wallpapers/_Getintopc.com_Wallpaper_Engine_v1.4.180/Wallpaper_Engine_v1.4.180/ui/dist/scripts/scripts.js (1)
[0708/180328.628:INFO:CONSOLE(1)] "CEF ANGULARJS PAGELOAD - declare localeLoader", source: file:///E:/Anato/Wallpapers/_Getintopc.com_Wallpaper_Engine_v1.4.180/Wallpaper_Engine_v1.4.180/ui/dist/scripts/scripts.js (1)
[0708/180328.629:INFO:CONSOLE(1)] "CEF ANGULARJS PAGELOAD - resolve locale via request applocale://en-us", source: file:///E:/Anato/Wallpapers/_Getintopc.com_Wallpaper_Engine_v1.4.180/Wallpaper_Engine_v1.4.180/ui/dist/scripts/scripts.js (1)
[0708/180328.643:INFO:CONSOLE(1)] "CEF ANGULARJS PAGELOAD - request localeLoader", source: file:///E:/Anato/Wallpapers/_Getintopc.com_Wallpaper_Engine_v1.4.180/Wallpaper_Engine_v1.4.180/ui/dist/scripts/scripts.js (1)
[0708/180328.647:INFO:CONSOLE(1)] "CEF ANGULARJS PAGELOAD - run", source: file:///E:/Anato/Wallpapers/_Getintopc.com_Wallpaper_Engine_v1.4.180/Wallpaper_Engine_v1.4.180/ui/dist/scripts/scripts.js (1)
[0708/180328.670:INFO:CONSOLE(1)] "CEF ANGULARJS PAGELOAD - success localeLoader", source: file:///E:/Anato/Wallpapers/_Getintopc.com_Wallpaper_Engine_v1.4.180/Wallpaper_Engine_v1.4.180/ui/dist/scripts/scripts.js (1)
[0708/180328.698:INFO:CONSOLE(1)] "CEF ANGULARJS PAGELOAD - route changed", source: file:///E:/Anato/Wallpapers/_Getintopc.com_Wallpaper_Engine_v1.4.180/Wallpaper_Engine_v1.4.180/ui/dist/scripts/scripts.js (1)
[0708/180329.237:INFO:CONSOLE(1)] "CEF ANGULARJS PAGELOAD - resolve locale from cache en-us", source: file:///E:/Anato/Wallpapers/_Getintopc.com_Wallpaper_Engine_v1.4.180/Wallpaper_Engine_v1.4.180/ui/dist/scripts/scripts.js (1)
[0708/180329.238:INFO:CONSOLE(1)] "CEF ANGULARJS PAGELOAD - request localeLoader", source: file:///E:/Anato/Wallpapers/_Getintopc.com_Wallpaper_Engine_v1.4.180/Wallpaper_Engine_v1.4.180/ui/dist/scripts/scripts.js (1)
[0708/180329.257:INFO:CONSOLE(1)] "CEF ANGULARJS PAGELOAD - notify cpp", source: file:///E:/Anato/Wallpapers/_Getintopc.com_Wallpaper_Engine_v1.4.180/Wallpaper_Engine_v1.4.180/ui/dist/scripts/scripts.js (1)
[0708/180329.494:INFO:CONSOLE(1)] "CEF ANGULARJS BROWSER - onCppInit begin", source: file:///E:/Anato/Wallpapers/_Getintopc.com_Wallpaper_Engine_v1.4.180/Wallpaper_Engine_v1.4.180/ui/dist/scripts/scripts.js (1)
[0708/180329.494:INFO:CONSOLE(1)] "CEF ANGULARJS BROWSER - onCppInit end", source: file:///E:/Anato/Wallpapers/_Getintopc.com_Wallpaper_Engine_v1.4.180/Wallpaper_Engine_v1.4.180/ui/dist/scripts/scripts.js (1)
[0708/180329.959:INFO:CONSOLE(1)] "CEF ANGULARJS PAGELOAD - resolve locale from cache en-us", source: file:///E:/Anato/Wallpapers/_Getintopc.com_Wallpaper_Engine_v1.4.180/Wallpaper_Engine_v1.4.180/ui/dist/scripts/scripts.js (1)
[0708/180329.959:INFO:CONSOLE(1)] "CEF ANGULARJS PAGELOAD - request localeLoader", source: file:///E:/Anato/Wallpapers/_Getintopc.com_Wallpaper_Engine_v1.4.180/Wallpaper_Engine_v1.4.180/ui/dist/scripts/scripts.js (1)
[0708/182353.449:INFO:CONSOLE(1)] "CEF ANGULARJS PAGELOAD - config 1", source: file:///E:/Anato/Wallpapers/_Getintopc.com_Wallpaper_Engine_v1.4.180/Wallpaper_Engine_v1.4.180/ui/dist/scripts/scripts.js (1)
[0708/182353.449:INFO:CONSOLE(1)] "CEF ANGULARJS PAGELOAD - config 2", source: file:///E:/Anato/Wallpapers/_Getintopc.com_Wallpaper_Engine_v1.4.180/Wallpaper_Engine_v1.4.180/ui/dist/scripts/scripts.js (1)
[0708/182353.460:INFO:CONSOLE(1)] "CEF ANGULARJS PAGELOAD - declare localeLoader", source: file:///E:/Anato/Wallpapers/_Getintopc.com_Wallpaper_Engine_v1.4.180/Wallpaper_Engine_v1.4.180/ui/dist/scripts/scripts.js (1)
[0708/182353.460:INFO:CONSOLE(1)] "CEF ANGULARJS PAGELOAD - resolve locale via request applocale://en-us", source: file:///E:/Anato/Wallpapers/_Getintopc.com_Wallpaper_Engine_v1.4.180/Wallpaper_Engine_v1.4.180/ui/dist/scripts/scripts.js (1)
[0708/182353.470:INFO:CONSOLE(1)] "CEF ANGULARJS PAGELOAD - request localeLoader", source: file:///E:/Anato/Wallpapers/_Getintopc.com_Wallpaper_Engine_v1.4.180/Wallpaper_Engine_v1.4.180/ui/dist/scripts/scripts.js (1)
[0708/182353.473:INFO:CONSOLE(1)] "CEF ANGULARJS PAGELOAD - run", source: file:///E:/Anato/Wallpapers/_Getintopc.com_Wallpaper_Engine_v1.4.180/Wallpaper_Engine_v1.4.180/ui/dist/scripts/scripts.js (1)
[0708/182353.497:INFO:CONSOLE(1)] "CEF ANGULARJS PAGELOAD - success localeLoader", source: file:///E:/Anato/Wallpapers/_Getintopc.com_Wallpaper_Engine_v1.4.180/Wallpaper_Engine_v1.4.180/ui/dist/scripts/scripts.js (1)
[0708/182353.514:INFO:CONSOLE(1)] "CEF ANGULARJS PAGELOAD - route changed", source: file:///E:/Anato/Wallpapers/_Getintopc.com_Wallpaper_Engine_v1.4.180/Wallpaper_Engine_v1.4.180/ui/dist/scripts/scripts.js (1)
[0708/182353.951:INFO:CONSOLE(1)] "CEF ANGULARJS PAGELOAD - resolve locale from cache en-us", source: file:///E:/Anato/Wallpapers/_Getintopc.com_Wallpaper_Engine_v1.4.180/Wallpaper_Engine_v1.4.180/ui/dist/scripts/scripts.js (1)
[0708/182353.951:INFO:CONSOLE(1)] "CEF ANGULARJS PAGELOAD - request localeLoader", source: file:///E:/Anato/Wallpapers/_Getintopc.com_Wallpaper_Engine_v1.4.180/Wallpaper_Engine_v1.4.180/ui/dist/scripts/scripts.js (1)
[0708/182353.971:INFO:CONSOLE(1)] "CEF ANGULARJS PAGELOAD - notify cpp", source: file:///E:/Anato/Wallpapers/_Getintopc.com_Wallpaper_Engine_v1.4.180/Wallpaper_Engine_v1.4.180/ui/dist/scripts/scripts.js (1)
[0708/182354.172:INFO:CONSOLE(1)] "CEF ANGULARJS BROWSER - onCppInit begin", source: file:///E:/Anato/Wallpapers/_Getintopc.com_Wallpaper_Engine_v1.4.180/Wallpaper_Engine_v1.4.180/ui/dist/scripts/scripts.js (1)
[0708/182354.172:INFO:CONSOLE(1)] "CEF ANGULARJS BROWSER - onCppInit end", source: file:///E:/Anato/Wallpapers/_Getintopc.com_Wallpaper_Engine_v1.4.180/Wallpaper_Engine_v1.4.180/ui/dist/scripts/scripts.js (1)
[0708/182354.612:INFO:CONSOLE(1)] "CEF ANGULARJS PAGELOAD - resolve locale from cache en-us", source: file:///E:/Anato/Wallpapers/_Getintopc.com_Wallpaper_Engine_v1.4.180/Wallpaper_Engine_v1.4.180/ui/dist/scripts/scripts.js (1)
[0708/182354.613:INFO:CONSOLE(1)] "CEF ANGULARJS PAGELOAD - request localeLoader", source: file:///E:/Anato/Wallpapers/_Getintopc.com_Wallpaper_Engine_v1.4.180/Wallpaper_Engine_v1.4.180/ui/dist/scripts/scripts.js (1)
[0708/182430.088:INFO:CONSOLE(1)] "Possibly unhandled rejection: cancel", source: file:///E:/Anato/Wallpapers/_Getintopc.com_Wallpaper_Engine_v1.4.180/Wallpaper_Engine_v1.4.180/ui/dist/scripts/vendor.js (1)
[0708/182450.168:INFO:CONSOLE(1)] "CEF ANGULARJS PAGELOAD - config 1", source: file:///E:/Anato/Wallpapers/_Getintopc.com_Wallpaper_Engine_v1.4.180/Wallpaper_Engine_v1.4.180/ui/dist/scripts/scripts.js (1)
[0708/182450.169:INFO:CONSOLE(1)] "CEF ANGULARJS PAGELOAD - config 2", source: file:///E:/Anato/Wallpapers/_Getintopc.com_Wallpaper_Engine_v1.4.180/Wallpaper_Engine_v1.4.180/ui/dist/scripts/scripts.js (1)
[0708/182450.199:INFO:CONSOLE(1)] "CEF ANGULARJS PAGELOAD - declare localeLoader", source: file:///E:/Anato/Wallpapers/_Getintopc.com_Wallpaper_Engine_v1.4.180/Wallpaper_Engine_v1.4.180/ui/dist/scripts/scripts.js (1)
[0708/182450.199:INFO:CONSOLE(1)] "CEF ANGULARJS PAGELOAD - resolve locale via request applocale://en-us", source: file:///E:/Anato/Wallpapers/_Getintopc.com_Wallpaper_Engine_v1.4.180/Wallpaper_Engine_v1.4.180/ui/dist/scripts/scripts.js (1)
[0708/182450.218:INFO:CONSOLE(1)] "CEF ANGULARJS PAGELOAD - request localeLoader", source: file:///E:/Anato/Wallpapers/_Getintopc.com_Wallpaper_Engine_v1.4.180/Wallpaper_Engine_v1.4.180/ui/dist/scripts/scripts.js (1)
[0708/182450.225:INFO:CONSOLE(1)] "CEF ANGULARJS PAGELOAD - run", source: file:///E:/Anato/Wallpapers/_Getintopc.com_Wallpaper_Engine_v1.4.180/Wallpaper_Engine_v1.4.180/ui/dist/scripts/scripts.js (1)
[0708/182450.261:INFO:CONSOLE(1)] "CEF ANGULARJS PAGELOAD - success localeLoader", source: file:///E:/Anato/Wallpapers/_Getintopc.com_Wallpaper_Engine_v1.4.180/Wallpaper_Engine_v1.4.180/ui/dist/scripts/scripts.js (1)
[0708/182450.309:INFO:CONSOLE(1)] "CEF ANGULARJS PAGELOAD - route changed", source: file:///E:/Anato/Wallpapers/_Getintopc.com_Wallpaper_Engine_v1.4.180/Wallpaper_Engine_v1.4.180/ui/dist/scripts/scripts.js (1)
[0708/182450.933:INFO:CONSOLE(1)] "CEF ANGULARJS PAGELOAD - resolve locale from cache en-us", source: file:///E:/Anato/Wallpapers/_Getintopc.com_Wallpaper_Engine_v1.4.180/Wallpaper_Engine_v1.4.180/ui/dist/scripts/scripts.js (1)
[0708/182450.934:INFO:CONSOLE(1)] "CEF ANGULARJS PAGELOAD - request localeLoader", source: file:///E:/Anato/Wallpapers/_Getintopc.com_Wallpaper_Engine_v1.4.180/Wallpaper_Engine_v1.4.180/ui/dist/scripts/scripts.js (1)
[0708/182450.966:INFO:CONSOLE(1)] "CEF ANGULARJS PAGELOAD - notify cpp", source: file:///E:/Anato/Wallpapers/_Getintopc.com_Wallpaper_Engine_v1.4.180/Wallpaper_Engine_v1.4.180/ui/dist/scripts/scripts.js (1)
[0708/182451.177:INFO:CONSOLE(1)] "CEF ANGULARJS PAGELOAD - resolve locale from cache en-us", source: file:///E:/Anato/Wallpapers/_Getintopc.com_Wallpaper_Engine_v1.4.180/Wallpaper_Engine_v1.4.180/ui/dist/scripts/scripts.js (1)
[0708/182451.177:INFO:CONSOLE(1)] "CEF ANGULARJS PAGELOAD - request localeLoader", source: file:///E:/Anato/Wallpapers/_Getintopc.com_Wallpaper_Engine_v1.4.180/Wallpaper_Engine_v1.4.180/ui/dist/scripts/scripts.js (1)
[0708/182451.540:INFO:CONSOLE(1)] "CEF ANGULARJS PAGELOAD - resolve locale from cache en-us", source: file:///E:/Anato/Wallpapers/_Getintopc.com_Wallpaper_Engine_v1.4.180/Wallpaper_Engine_v1.4.180/ui/dist/scripts/scripts.js (1)
[0708/182451.540:INFO:CONSOLE(1)] "CEF ANGULARJS PAGELOAD - request localeLoader", source: file:///E:/Anato/Wallpapers/_Getintopc.com_Wallpaper_Engine_v1.4.180/Wallpaper_Engine_v1.4.180/ui/dist/scripts/scripts.js (1)
[0708/182451.549:INFO:CONSOLE(1)] "CEF ANGULARJS PAGELOAD - resolve locale from cache en-us", source: file:///E:/Anato/Wallpapers/_Getintopc.com_Wallpaper_Engine_v1.4.180/Wallpaper_Engine_v1.4.180/ui/dist/scripts/scripts.js (1)
[0708/182451.549:INFO:CONSOLE(1)] "CEF ANGULARJS PAGELOAD - request localeLoader", source: file:///E:/Anato/Wallpapers/_Getintopc.com_Wallpaper_Engine_v1.4.180/Wallpaper_Engine_v1.4.180/ui/dist/scripts/scripts.js (1)
[0708/182509.987:INFO:CONSOLE(1)] "Possibly unhandled rejection: cancel", source: file:///E:/Anato/Wallpapers/_Getintopc.com_Wallpaper_Engine_v1.4.180/Wallpaper_Engine_v1.4.180/ui/dist/scripts/vendor.js (1)
[0708/182515.036:INFO:CONSOLE(0)] "Autofocus processing was blocked because a document's URL has a fragment '#/browsewallpapers'.", source: file:///E:/Anato/Wallpapers/_Getintopc.com_Wallpaper_Engine_v1.4.180/Wallpaper_Engine_v1.4.180/ui/dist/index.html?skinStyle=styles/main.css&skinColor=%23f3f3f3&skinKey=white&provider=steamint&lang=en-us#/browsewallpapers (0)
[0708/182516.690:INFO:CONSOLE(1)] "Possibly unhandled rejection: cancel", source: file:///E:/Anato/Wallpapers/_Getintopc.com_Wallpaper_Engine_v1.4.180/Wallpaper_Engine_v1.4.180/ui/dist/scripts/vendor.js (1)
[0708/182518.491:INFO:CONSOLE(1)] "Possibly unhandled rejection: ", source: file:///E:/Anato/Wallpapers/_Getintopc.com_Wallpaper_Engine_v1.4.180/Wallpaper_Engine_v1.4.180/ui/dist/scripts/vendor.js (1)
[0708/182518.492:INFO:CONSOLE(1)] "Possibly unhandled rejection: ", source: file:///E:/Anato/Wallpapers/_Getintopc.com_Wallpaper_Engine_v1.4.180/Wallpaper_Engine_v1.4.180/ui/dist/scripts/vendor.js (1)
[0708/182520.672:INFO:CONSOLE(1)] "Possibly unhandled rejection: ", source: file:///E:/Anato/Wallpapers/_Getintopc.com_Wallpaper_Engine_v1.4.180/Wallpaper_Engine_v1.4.180/ui/dist/scripts/vendor.js (1)
[0708/182522.873:INFO:CONSOLE(1)] "Possibly unhandled rejection: ", source: file:///E:/Anato/Wallpapers/_Getintopc.com_Wallpaper_Engine_v1.4.180/Wallpaper_Engine_v1.4.180/ui/dist/scripts/vendor.js (1)
[0708/182522.874:INFO:CONSOLE(1)] "Possibly unhandled rejection: ", source: file:///E:/Anato/Wallpapers/_Getintopc.com_Wallpaper_Engine_v1.4.180/Wallpaper_Engine_v1.4.180/ui/dist/scripts/vendor.js (1)
[0708/182524.349:INFO:CONSOLE(1)] "Possibly unhandled rejection: ", source: file:///E:/Anato/Wallpapers/_Getintopc.com_Wallpaper_Engine_v1.4.180/Wallpaper_Engine_v1.4.180/ui/dist/scripts/vendor.js (1)
[0708/182709.937:INFO:CONSOLE(1)] "CEF ANGULARJS PAGELOAD - config 1", source: file:///E:/Anato/Wallpapers/_Getintopc.com_Wallpaper_Engine_v1.4.180/Wallpaper_Engine_v1.4.180/ui/dist/scripts/scripts.js (1)
[0708/182709.938:INFO:CONSOLE(1)] "CEF ANGULARJS PAGELOAD - config 2", source: file:///E:/Anato/Wallpapers/_Getintopc.com_Wallpaper_Engine_v1.4.180/Wallpaper_Engine_v1.4.180/ui/dist/scripts/scripts.js (1)
[0708/182709.955:INFO:CONSOLE(1)] "CEF ANGULARJS PAGELOAD - declare localeLoader", source: file:///E:/Anato/Wallpapers/_Getintopc.com_Wallpaper_Engine_v1.4.180/Wallpaper_Engine_v1.4.180/ui/dist/scripts/scripts.js (1)
[0708/182709.956:INFO:CONSOLE(1)] "CEF ANGULARJS PAGELOAD - resolve locale via request applocale://en-us", source: file:///E:/Anato/Wallpapers/_Getintopc.com_Wallpaper_Engine_v1.4.180/Wallpaper_Engine_v1.4.180/ui/dist/scripts/scripts.js (1)
[0708/182709.973:INFO:CONSOLE(1)] "CEF ANGULARJS PAGELOAD - request localeLoader", source: file:///E:/Anato/Wallpapers/_Getintopc.com_Wallpaper_Engine_v1.4.180/Wallpaper_Engine_v1.4.180/ui/dist/scripts/scripts.js (1)
[0708/182709.977:INFO:CONSOLE(1)] "CEF ANGULARJS PAGELOAD - run", source: file:///E:/Anato/Wallpapers/_Getintopc.com_Wallpaper_Engine_v1.4.180/Wallpaper_Engine_v1.4.180/ui/dist/scripts/scripts.js (1)
[0708/182710.004:INFO:CONSOLE(1)] "CEF ANGULARJS PAGELOAD - success localeLoader", source: file:///E:/Anato/Wallpapers/_Getintopc.com_Wallpaper_Engine_v1.4.180/Wallpaper_Engine_v1.4.180/ui/dist/scripts/scripts.js (1)
[0708/182710.036:INFO:CONSOLE(1)] "CEF ANGULARJS PAGELOAD - route changed", source: file:///E:/Anato/Wallpapers/_Getintopc.com_Wallpaper_Engine_v1.4.180/Wallpaper_Engine_v1.4.180/ui/dist/scripts/scripts.js (1)
[0708/182710.648:INFO:CONSOLE(1)] "CEF ANGULARJS PAGELOAD - resolve locale from cache en-us", source: file:///E:/Anato/Wallpapers/_Getintopc.com_Wallpaper_Engine_v1.4.180/Wallpaper_Engine_v1.4.180/ui/dist/scripts/scripts.js (1)
[0708/182710.649:INFO:CONSOLE(1)] "CEF ANGULARJS PAGELOAD - request localeLoader", source: file:///E:/Anato/Wallpapers/_Getintopc.com_Wallpaper_Engine_v1.4.180/Wallpaper_Engine_v1.4.180/ui/dist/scripts/scripts.js (1)
[0708/182710.666:INFO:CONSOLE(1)] "CEF ANGULARJS PAGELOAD - notify cpp", source: file:///E:/Anato/Wallpapers/_Getintopc.com_Wallpaper_Engine_v1.4.180/Wallpaper_Engine_v1.4.180/ui/dist/scripts/scripts.js (1)
[0708/182710.996:INFO:CONSOLE(1)] "CEF ANGULARJS BROWSER - onCppInit begin", source: file:///E:/Anato/Wallpapers/_Getintopc.com_Wallpaper_Engine_v1.4.180/Wallpaper_Engine_v1.4.180/ui/dist/scripts/scripts.js (1)
[0708/182710.996:INFO:CONSOLE(1)] "CEF ANGULARJS BROWSER - onCppInit end", source: file:///E:/Anato/Wallpapers/_Getintopc.com_Wallpaper_Engine_v1.4.180/Wallpaper_Engine_v1.4.180/ui/dist/scripts/scripts.js (1)
[0708/182711.522:INFO:CONSOLE(1)] "CEF ANGULARJS PAGELOAD - resolve locale from cache en-us", source: file:///E:/Anato/Wallpapers/_Getintopc.com_Wallpaper_Engine_v1.4.180/Wallpaper_Engine_v1.4.180/ui/dist/scripts/scripts.js (1)
[0708/182711.522:INFO:CONSOLE(1)] "CEF ANGULARJS PAGELOAD - request localeLoader", source: file:///E:/Anato/Wallpapers/_Getintopc.com_Wallpaper_Engine_v1.4.180/Wallpaper_Engine_v1.4.180/ui/dist/scripts/scripts.js (1)
[0708/182746.076:INFO:CONSOLE(1)] "CEF ANGULARJS PAGELOAD - config 1", source: file:///E:/Anato/Wallpapers/_Getintopc.com_Wallpaper_Engine_v1.4.180/Wallpaper_Engine_v1.4.180/ui/dist/scripts/scripts.js (1)
[0708/182746.077:INFO:CONSOLE(1)] "CEF ANGULARJS PAGELOAD - config 2", source: file:///E:/Anato/Wallpapers/_Getintopc.com_Wallpaper_Engine_v1.4.180/Wallpaper_Engine_v1.4.180/ui/dist/scripts/scripts.js (1)
[0708/182746.095:INFO:CONSOLE(1)] "CEF ANGULARJS PAGELOAD - declare localeLoader", source: file:///E:/Anato/Wallpapers/_Getintopc.com_Wallpaper_Engine_v1.4.180/Wallpaper_Engine_v1.4.180/ui/dist/scripts/scripts.js (1)
[0708/182746.096:INFO:CONSOLE(1)] "CEF ANGULARJS PAGELOAD - resolve locale via request applocale://en-us", source: file:///E:/Anato/Wallpapers/_Getintopc.com_Wallpaper_Engine_v1.4.180/Wallpaper_Engine_v1.4.180/ui/dist/scripts/scripts.js (1)
[0708/182746.112:INFO:CONSOLE(1)] "CEF ANGULARJS PAGELOAD - request localeLoader", source: file:///E:/Anato/Wallpapers/_Getintopc.com_Wallpaper_Engine_v1.4.180/Wallpaper_Engine_v1.4.180/ui/dist/scripts/scripts.js (1)
[0708/182746.119:INFO:CONSOLE(1)] "CEF ANGULARJS PAGELOAD - run", source: file:///E:/Anato/Wallpapers/_Getintopc.com_Wallpaper_Engine_v1.4.180/Wallpaper_Engine_v1.4.180/ui/dist/scripts/scripts.js (1)
[0708/182746.149:INFO:CONSOLE(1)] "CEF ANGULARJS PAGELOAD - success localeLoader", source: file:///E:/Anato/Wallpapers/_Getintopc.com_Wallpaper_Engine_v1.4.180/Wallpaper_Engine_v1.4.180/ui/dist/scripts/scripts.js (1)
[0708/182746.182:INFO:CONSOLE(1)] "CEF ANGULARJS PAGELOAD - route changed", source: file:///E:/Anato/Wallpapers/_Getintopc.com_Wallpaper_Engine_v1.4.180/Wallpaper_Engine_v1.4.180/ui/dist/scripts/scripts.js (1)
[0708/182746.863:INFO:CONSOLE(1)] "CEF ANGULARJS PAGELOAD - resolve locale from cache en-us", source: file:///E:/Anato/Wallpapers/_Getintopc.com_Wallpaper_Engine_v1.4.180/Wallpaper_Engine_v1.4.180/ui/dist/scripts/scripts.js (1)
[0708/182746.864:INFO:CONSOLE(1)] "CEF ANGULARJS PAGELOAD - request localeLoader", source: file:///E:/Anato/Wallpapers/_Getintopc.com_Wallpaper_Engine_v1.4.180/Wallpaper_Engine_v1.4.180/ui/dist/scripts/scripts.js (1)
[0708/182746.889:INFO:CONSOLE(1)] "CEF ANGULARJS PAGELOAD - notify cpp", source: file:///E:/Anato/Wallpapers/_Getintopc.com_Wallpaper_Engine_v1.4.180/Wallpaper_Engine_v1.4.180/ui/dist/scripts/scripts.js (1)
[0708/182747.158:INFO:CONSOLE(1)] "CEF ANGULARJS BROWSER - onCppInit begin", source: file:///E:/Anato/Wallpapers/_Getintopc.com_Wallpaper_Engine_v1.4.180/Wallpaper_Engine_v1.4.180/ui/dist/scripts/scripts.js (1)
[0708/182747.158:INFO:CONSOLE(1)] "CEF ANGULARJS BROWSER - onCppInit end", source: file:///E:/Anato/Wallpapers/_Getintopc.com_Wallpaper_Engine_v1.4.180/Wallpaper_Engine_v1.4.180/ui/dist/scripts/scripts.js (1)
[0708/182748.041:INFO:CONSOLE(1)] "CEF ANGULARJS PAGELOAD - resolve locale from cache en-us", source: file:///E:/Anato/Wallpapers/_Getintopc.com_Wallpaper_Engine_v1.4.180/Wallpaper_Engine_v1.4.180/ui/dist/scripts/scripts.js (1)
[0708/182748.041:INFO:CONSOLE(1)] "CEF ANGULARJS PAGELOAD - request localeLoader", source: file:///E:/Anato/Wallpapers/_Getintopc.com_Wallpaper_Engine_v1.4.180/Wallpaper_Engine_v1.4.180/ui/dist/scripts/scripts.js (1)
[0708/183724.703:INFO:CONSOLE(1)] "CEF ANGULARJS PAGELOAD - config 1", source: file:///E:/Anato/Wallpapers/_Getintopc.com_Wallpaper_Engine_v1.4.180/Wallpaper_Engine_v1.4.180/ui/dist/scripts/scripts.js (1)
[0708/183724.704:INFO:CONSOLE(1)] "CEF ANGULARJS PAGELOAD - config 2", source: file:///E:/Anato/Wallpapers/_Getintopc.com_Wallpaper_Engine_v1.4.180/Wallpaper_Engine_v1.4.180/ui/dist/scripts/scripts.js (1)
[0708/183724.718:INFO:CONSOLE(1)] "CEF ANGULARJS PAGELOAD - declare localeLoader", source: file:///E:/Anato/Wallpapers/_Getintopc.com_Wallpaper_Engine_v1.4.180/Wallpaper_Engine_v1.4.180/ui/dist/scripts/scripts.js (1)
[0708/183724.718:INFO:CONSOLE(1)] "CEF ANGULARJS PAGELOAD - resolve locale via request applocale://en-us", source: file:///E:/Anato/Wallpapers/_Getintopc.com_Wallpaper_Engine_v1.4.180/Wallpaper_Engine_v1.4.180/ui/dist/scripts/scripts.js (1)
[0708/183724.731:INFO:CONSOLE(1)] "CEF ANGULARJS PAGELOAD - request localeLoader", source: file:///E:/Anato/Wallpapers/_Getintopc.com_Wallpaper_Engine_v1.4.180/Wallpaper_Engine_v1.4.180/ui/dist/scripts/scripts.js (1)
[0708/183724.733:INFO:CONSOLE(1)] "CEF ANGULARJS PAGELOAD - run", source: file:///E:/Anato/Wallpapers/_Getintopc.com_Wallpaper_Engine_v1.4.180/Wallpaper_Engine_v1.4.180/ui/dist/scripts/scripts.js (1)
[0708/183724.757:INFO:CONSOLE(1)] "CEF ANGULARJS PAGELOAD - success localeLoader", source: file:///E:/Anato/Wallpapers/_Getintopc.com_Wallpaper_Engine_v1.4.180/Wallpaper_Engine_v1.4.180/ui/dist/scripts/scripts.js (1)
[0708/183724.774:INFO:CONSOLE(1)] "CEF ANGULARJS PAGELOAD - route changed", source: file:///E:/Anato/Wallpapers/_Getintopc.com_Wallpaper_Engine_v1.4.180/Wallpaper_Engine_v1.4.180/ui/dist/scripts/scripts.js (1)
[0708/183725.255:INFO:CONSOLE(1)] "CEF ANGULARJS PAGELOAD - resolve locale from cache en-us", source: file:///E:/Anato/Wallpapers/_Getintopc.com_Wallpaper_Engine_v1.4.180/Wallpaper_Engine_v1.4.180/ui/dist/scripts/scripts.js (1)
[0708/183725.256:INFO:CONSOLE(1)] "CEF ANGULARJS PAGELOAD - request localeLoader", source: file:///E:/Anato/Wallpapers/_Getintopc.com_Wallpaper_Engine_v1.4.180/Wallpaper_Engine_v1.4.180/ui/dist/scripts/scripts.js (1)
[0708/183725.279:INFO:CONSOLE(1)] "CEF ANGULARJS PAGELOAD - notify cpp", source: file:///E:/Anato/Wallpapers/_Getintopc.com_Wallpaper_Engine_v1.4.180/Wallpaper_Engine_v1.4.180/ui/dist/scripts/scripts.js (1)
[0708/183725.513:INFO:CONSOLE(1)] "CEF ANGULARJS BROWSER - onCppInit begin", source: file:///E:/Anato/Wallpapers/_Getintopc.com_Wallpaper_Engine_v1.4.180/Wallpaper_Engine_v1.4.180/ui/dist/scripts/scripts.js (1)
[0708/183725.514:INFO:CONSOLE(1)] "CEF ANGULARJS BROWSER - onCppInit end", source: file:///E:/Anato/Wallpapers/_Getintopc.com_Wallpaper_Engine_v1.4.180/Wallpaper_Engine_v1.4.180/ui/dist/scripts/scripts.js (1)
[0708/183726.219:INFO:CONSOLE(1)] "CEF ANGULARJS PAGELOAD - resolve locale from cache en-us", source: file:///E:/Anato/Wallpapers/_Getintopc.com_Wallpaper_Engine_v1.4.180/Wallpaper_Engine_v1.4.180/ui/dist/scripts/scripts.js (1)
[0708/183726.219:INFO:CONSOLE(1)] "CEF ANGULARJS PAGELOAD - request localeLoader", source: file:///E:/Anato/Wallpapers/_Getintopc.com_Wallpaper_Engine_v1.4.180/Wallpaper_Engine_v1.4.180/ui/dist/scripts/scripts.js (1)
[0708/183831.519:INFO:CONSOLE(1)] "CEF ANGULARJS PAGELOAD - config 1", source: file:///E:/Anato/Wallpapers/_Getintopc.com_Wallpaper_Engine_v1.4.180/Wallpaper_Engine_v1.4.180/ui/dist/scripts/scripts.js (1)
[0708/183831.519:INFO:CONSOLE(1)] "CEF ANGULARJS PAGELOAD - config 2", source: file:///E:/Anato/Wallpapers/_Getintopc.com_Wallpaper_Engine_v1.4.180/Wallpaper_Engine_v1.4.180/ui/dist/scripts/scripts.js (1)
[0708/183831.529:INFO:CONSOLE(1)] "CEF ANGULARJS PAGELOAD - declare localeLoader", source: file:///E:/Anato/Wallpapers/_Getintopc.com_Wallpaper_Engine_v1.4.180/Wallpaper_Engine_v1.4.180/ui/dist/scripts/scripts.js (1)
[0708/183831.529:INFO:CONSOLE(1)] "CEF ANGULARJS PAGELOAD - resolve locale via request applocale://en-us", source: file:///E:/Anato/Wallpapers/_Getintopc.com_Wallpaper_Engine_v1.4.180/Wallpaper_Engine_v1.4.180/ui/dist/scripts/scripts.js (1)
[0708/183831.538:INFO:CONSOLE(1)] "CEF ANGULARJS PAGELOAD - request localeLoader", source: file:///E:/Anato/Wallpapers/_Getintopc.com_Wallpaper_Engine_v1.4.180/Wallpaper_Engine_v1.4.180/ui/dist/scripts/scripts.js (1)
[0708/183831.541:INFO:CONSOLE(1)] "CEF ANGULARJS PAGELOAD - run", source: file:///E:/Anato/Wallpapers/_Getintopc.com_Wallpaper_Engine_v1.4.180/Wallpaper_Engine_v1.4.180/ui/dist/scripts/scripts.js (1)
[0708/183831.562:INFO:CONSOLE(1)] "CEF ANGULARJS PAGELOAD - success localeLoader", source: file:///E:/Anato/Wallpapers/_Getintopc.com_Wallpaper_Engine_v1.4.180/Wallpaper_Engine_v1.4.180/ui/dist/scripts/scripts.js (1)
[0708/183831.588:INFO:CONSOLE(1)] "CEF ANGULARJS PAGELOAD - route changed", source: file:///E:/Anato/Wallpapers/_Getintopc.com_Wallpaper_Engine_v1.4.180/Wallpaper_Engine_v1.4.180/ui/dist/scripts/scripts.js (1)
[0708/183831.974:INFO:CONSOLE(1)] "CEF ANGULARJS PAGELOAD - resolve locale from cache en-us", source: file:///E:/Anato/Wallpapers/_Getintopc.com_Wallpaper_Engine_v1.4.180/Wallpaper_Engine_v1.4.180/ui/dist/scripts/scripts.js (1)
[0708/183831.974:INFO:CONSOLE(1)] "CEF ANGULARJS PAGELOAD - request localeLoader", source: file:///E:/Anato/Wallpapers/_Getintopc.com_Wallpaper_Engine_v1.4.180/Wallpaper_Engine_v1.4.180/ui/dist/scripts/scripts.js (1)
[0708/183831.982:INFO:CONSOLE(1)] "CEF ANGULARJS PAGELOAD - notify cpp", source: file:///E:/Anato/Wallpapers/_Getintopc.com_Wallpaper_Engine_v1.4.180/Wallpaper_Engine_v1.4.180/ui/dist/scripts/scripts.js (1)
[0708/183832.163:INFO:CONSOLE(1)] "CEF ANGULARJS BROWSER - onCppInit begin", source: file:///E:/Anato/Wallpapers/_Getintopc.com_Wallpaper_Engine_v1.4.180/Wallpaper_Engine_v1.4.180/ui/dist/scripts/scripts.js (1)
[0708/183832.163:INFO:CONSOLE(1)] "CEF ANGULARJS BROWSER - onCppInit end", source: file:///E:/Anato/Wallpapers/_Getintopc.com_Wallpaper_Engine_v1.4.180/Wallpaper_Engine_v1.4.180/ui/dist/scripts/scripts.js (1)
[0708/183832.530:INFO:CONSOLE(1)] "CEF ANGULARJS PAGELOAD - resolve locale from cache en-us", source: file:///E:/Anato/Wallpapers/_Getintopc.com_Wallpaper_Engine_v1.4.180/Wallpaper_Engine_v1.4.180/ui/dist/scripts/scripts.js (1)
[0708/183832.530:INFO:CONSOLE(1)] "CEF ANGULARJS PAGELOAD - request localeLoader", source: file:///E:/Anato/Wallpapers/_Getintopc.com_Wallpaper_Engine_v1.4.180/Wallpaper_Engine_v1.4.180/ui/dist/scripts/scripts.js (1)
[0708/183854.310:INFO:CONSOLE(1)] "CEF ANGULARJS PAGELOAD - config 1", source: file:///E:/Anato/Wallpapers/_Getintopc.com_Wallpaper_Engine_v1.4.180/Wallpaper_Engine_v1.4.180/ui/dist/scripts/scripts.js (1)
[0708/183854.311:INFO:CONSOLE(1)] "CEF ANGULARJS PAGELOAD - config 2", source: file:///E:/Anato/Wallpapers/_Getintopc.com_Wallpaper_Engine_v1.4.180/Wallpaper_Engine_v1.4.180/ui/dist/scripts/scripts.js (1)
[0708/183854.328:INFO:CONSOLE(1)] "CEF ANGULARJS PAGELOAD - declare localeLoader", source: file:///E:/Anato/Wallpapers/_Getintopc.com_Wallpaper_Engine_v1.4.180/Wallpaper_Engine_v1.4.180/ui/dist/scripts/scripts.js (1)
[0708/183854.328:INFO:CONSOLE(1)] "CEF ANGULARJS PAGELOAD - resolve locale via request applocale://en-us", source: file:///E:/Anato/Wallpapers/_Getintopc.com_Wallpaper_Engine_v1.4.180/Wallpaper_Engine_v1.4.180/ui/dist/scripts/scripts.js (1)
[0708/183854.346:INFO:CONSOLE(1)] "CEF ANGULARJS PAGELOAD - request localeLoader", source: file:///E:/Anato/Wallpapers/_Getintopc.com_Wallpaper_Engine_v1.4.180/Wallpaper_Engine_v1.4.180/ui/dist/scripts/scripts.js (1)
[0708/183854.349:INFO:CONSOLE(1)] "CEF ANGULARJS PAGELOAD - run", source: file:///E:/Anato/Wallpapers/_Getintopc.com_Wallpaper_Engine_v1.4.180/Wallpaper_Engine_v1.4.180/ui/dist/scripts/scripts.js (1)
[0708/183854.378:INFO:CONSOLE(1)] "CEF ANGULARJS PAGELOAD - success localeLoader", source: file:///E:/Anato/Wallpapers/_Getintopc.com_Wallpaper_Engine_v1.4.180/Wallpaper_Engine_v1.4.180/ui/dist/scripts/scripts.js (1)
[0708/183854.415:INFO:CONSOLE(1)] "CEF ANGULARJS PAGELOAD - route changed", source: file:///E:/Anato/Wallpapers/_Getintopc.com_Wallpaper_Engine_v1.4.180/Wallpaper_Engine_v1.4.180/ui/dist/scripts/scripts.js (1)
[0708/183855.018:INFO:CONSOLE(1)] "CEF ANGULARJS PAGELOAD - resolve locale from cache en-us", source: file:///E:/Anato/Wallpapers/_Getintopc.com_Wallpaper_Engine_v1.4.180/Wallpaper_Engine_v1.4.180/ui/dist/scripts/scripts.js (1)
[0708/183855.018:INFO:CONSOLE(1)] "CEF ANGULARJS PAGELOAD - request localeLoader", source: file:///E:/Anato/Wallpapers/_Getintopc.com_Wallpaper_Engine_v1.4.180/Wallpaper_Engine_v1.4.180/ui/dist/scripts/scripts.js (1)
[0708/183855.040:INFO:CONSOLE(1)] "CEF ANGULARJS PAGELOAD - notify cpp", source: file:///E:/Anato/Wallpapers/_Getintopc.com_Wallpaper_Engine_v1.4.180/Wallpaper_Engine_v1.4.180/ui/dist/scripts/scripts.js (1)
[0708/183855.298:INFO:CONSOLE(1)] "CEF ANGULARJS BROWSER - onCppInit begin", source: file:///E:/Anato/Wallpapers/_Getintopc.com_Wallpaper_Engine_v1.4.180/Wallpaper_Engine_v1.4.180/ui/dist/scripts/scripts.js (1)
[0708/183855.302:INFO:CONSOLE(1)] "CEF ANGULARJS BROWSER - onCppInit end", source: file:///E:/Anato/Wallpapers/_Getintopc.com_Wallpaper_Engine_v1.4.180/Wallpaper_Engine_v1.4.180/ui/dist/scripts/scripts.js (1)
[0708/183856.311:INFO:CONSOLE(1)] "CEF ANGULARJS PAGELOAD - resolve locale from cache en-us", source: file:///E:/Anato/Wallpapers/_Getintopc.com_Wallpaper_Engine_v1.4.180/Wallpaper_Engine_v1.4.180/ui/dist/scripts/scripts.js (1)
[0708/183856.311:INFO:CONSOLE(1)] "CEF ANGULARJS PAGELOAD - request localeLoader", source: file:///E:/Anato/Wallpapers/_Getintopc.com_Wallpaper_Engine_v1.4.180/Wallpaper_Engine_v1.4.180/ui/dist/scripts/scripts.js (1)
[0709/115254.083:INFO:CONSOLE(1)] "CEF ANGULARJS PAGELOAD - config 1", source: file:///E:/Abdul%20Rehman/Wallpapers/_Getintopc.com_Wallpaper_Engine_v1.4.180/Wallpaper_Engine_v1.4.180/ui/dist/scripts/scripts.js (1)
[0709/115254.111:INFO:CONSOLE(1)] "CEF ANGULARJS PAGELOAD - config 2", source: file:///E:/Abdul%20Rehman/Wallpapers/_Getintopc.com_Wallpaper_Engine_v1.4.180/Wallpaper_Engine_v1.4.180/ui/dist/scripts/scripts.js (1)
[0709/115254.112:INFO:CONSOLE(1)] "CEF ANGULARJS PAGELOAD - declare localeLoader", source: file:///E:/Abdul%20Rehman/Wallpapers/_Getintopc.com_Wallpaper_Engine_v1.4.180/Wallpaper_Engine_v1.4.180/ui/dist/scripts/scripts.js (1)
[0709/115254.112:INFO:CONSOLE(1)] "CEF ANGULARJS PAGELOAD - resolve locale via request applocale://en-us", source: file:///E:/Abdul%20Rehman/Wallpapers/_Getintopc.com_Wallpaper_Engine_v1.4.180/Wallpaper_Engine_v1.4.180/ui/dist/scripts/scripts.js (1)
[0709/115254.238:INFO:CONSOLE(1)] "CEF ANGULARJS PAGELOAD - request localeLoader", source: file:///E:/Abdul%20Rehman/Wallpapers/_Getintopc.com_Wallpaper_Engine_v1.4.180/Wallpaper_Engine_v1.4.180/ui/dist/scripts/scripts.js (1)
[0709/115254.244:INFO:CONSOLE(1)] "CEF ANGULARJS PAGELOAD - run", source: file:///E:/Abdul%20Rehman/Wallpapers/_Getintopc.com_Wallpaper_Engine_v1.4.180/Wallpaper_Engine_v1.4.180/ui/dist/scripts/scripts.js (1)
[0709/115254.290:INFO:CONSOLE(1)] "CEF ANGULARJS PAGELOAD - success localeLoader", source: file:///E:/Abdul%20Rehman/Wallpapers/_Getintopc.com_Wallpaper_Engine_v1.4.180/Wallpaper_Engine_v1.4.180/ui/dist/scripts/scripts.js (1)
[0709/115254.351:INFO:CONSOLE(1)] "CEF ANGULARJS PAGELOAD - route changed", source: file:///E:/Abdul%20Rehman/Wallpapers/_Getintopc.com_Wallpaper_Engine_v1.4.180/Wallpaper_Engine_v1.4.180/ui/dist/scripts/scripts.js (1)
[0709/115255.529:INFO:CONSOLE(1)] "CEF ANGULARJS PAGELOAD - resolve locale from cache en-us", source: file:///E:/Abdul%20Rehman/Wallpapers/_Getintopc.com_Wallpaper_Engine_v1.4.180/Wallpaper_Engine_v1.4.180/ui/dist/scripts/scripts.js (1)
[0709/115255.529:INFO:CONSOLE(1)] "CEF ANGULARJS PAGELOAD - request localeLoader", source: file:///E:/Abdul%20Rehman/Wallpapers/_Getintopc.com_Wallpaper_Engine_v1.4.180/Wallpaper_Engine_v1.4.180/ui/dist/scripts/scripts.js (1)
[0709/115255.552:INFO:CONSOLE(1)] "CEF ANGULARJS PAGELOAD - notify cpp", source: file:///E:/Abdul%20Rehman/Wallpapers/_Getintopc.com_Wallpaper_Engine_v1.4.180/Wallpaper_Engine_v1.4.180/ui/dist/scripts/scripts.js (1)
[0709/115255.925:INFO:CONSOLE(1)] "CEF ANGULARJS BROWSER - onCppInit begin", source: file:///E:/Abdul%20Rehman/Wallpapers/_Getintopc.com_Wallpaper_Engine_v1.4.180/Wallpaper_Engine_v1.4.180/ui/dist/scripts/scripts.js (1)
[0709/115255.928:INFO:CONSOLE(1)] "CEF ANGULARJS BROWSER - onCppInit end", source: file:///E:/Abdul%20Rehman/Wallpapers/_Getintopc.com_Wallpaper_Engine_v1.4.180/Wallpaper_Engine_v1.4.180/ui/dist/scripts/scripts.js (1)
[0709/115256.231:INFO:CONSOLE(1)] "CEF ANGULARJS PAGELOAD - config 1", source: file:///E:/Abdul%20Rehman/Wallpapers/_Getintopc.com_Wallpaper_Engine_v1.4.180/Wallpaper_Engine_v1.4.180/ui/dist/scripts/scripts.js (1)
[0709/115256.232:INFO:CONSOLE(1)] "CEF ANGULARJS PAGELOAD - config 2", source: file:///E:/Abdul%20Rehman/Wallpapers/_Getintopc.com_Wallpaper_Engine_v1.4.180/Wallpaper_Engine_v1.4.180/ui/dist/scripts/scripts.js (1)
[0709/115256.240:INFO:CONSOLE(1)] "CEF ANGULARJS PAGELOAD - declare localeLoader", source: file:///E:/Abdul%20Rehman/Wallpapers/_Getintopc.com_Wallpaper_Engine_v1.4.180/Wallpaper_Engine_v1.4.180/ui/dist/scripts/scripts.js (1)
[0709/115256.240:INFO:CONSOLE(1)] "CEF ANGULARJS PAGELOAD - resolve locale via request applocale://en-us", source: file:///E:/Abdul%20Rehman/Wallpapers/_Getintopc.com_Wallpaper_Engine_v1.4.180/Wallpaper_Engine_v1.4.180/ui/dist/scripts/scripts.js (1)
[0709/115256.249:INFO:CONSOLE(1)] "CEF ANGULARJS PAGELOAD - request localeLoader", source: file:///E:/Abdul%20Rehman/Wallpapers/_Getintopc.com_Wallpaper_Engine_v1.4.180/Wallpaper_Engine_v1.4.180/ui/dist/scripts/scripts.js (1)
[0709/115256.251:INFO:CONSOLE(1)] "CEF ANGULARJS PAGELOAD - run", source: file:///E:/Abdul%20Rehman/Wallpapers/_Getintopc.com_Wallpaper_Engine_v1.4.180/Wallpaper_Engine_v1.4.180/ui/dist/scripts/scripts.js (1)
[0709/115256.258:INFO:CONSOLE(1)] "CEF ANGULARJS PAGELOAD - resolve locale from cache en-us", source: file:///E:/Abdul%20Rehman/Wallpapers/_Getintopc.com_Wallpaper_Engine_v1.4.180/Wallpaper_Engine_v1.4.180/ui/dist/scripts/scripts.js (1)
[0709/115256.258:INFO:CONSOLE(1)] "CEF ANGULARJS PAGELOAD - request localeLoader", source: file:///E:/Abdul%20Rehman/Wallpapers/_Getintopc.com_Wallpaper_Engine_v1.4.180/Wallpaper_Engine_v1.4.180/ui/dist/scripts/scripts.js (1)
[0709/115256.265:INFO:CONSOLE(1)] "CEF ANGULARJS PAGELOAD - success localeLoader", source: file:///E:/Abdul%20Rehman/Wallpapers/_Getintopc.com_Wallpaper_Engine_v1.4.180/Wallpaper_Engine_v1.4.180/ui/dist/scripts/scripts.js (1)
[0709/115256.282:INFO:CONSOLE(1)] "CEF ANGULARJS PAGELOAD - route changed", source: file:///E:/Abdul%20Rehman/Wallpapers/_Getintopc.com_Wallpaper_Engine_v1.4.180/Wallpaper_Engine_v1.4.180/ui/dist/scripts/scripts.js (1)
[0709/115257.606:INFO:CONSOLE(1)] "CEF ANGULARJS PAGELOAD - resolve locale from cache en-us", source: file:///E:/Abdul%20Rehman/Wallpapers/_Getintopc.com_Wallpaper_Engine_v1.4.180/Wallpaper_Engine_v1.4.180/ui/dist/scripts/scripts.js (1)
[0709/115257.606:INFO:CONSOLE(1)] "CEF ANGULARJS PAGELOAD - request localeLoader", source: file:///E:/Abdul%20Rehman/Wallpapers/_Getintopc.com_Wallpaper_Engine_v1.4.180/Wallpaper_Engine_v1.4.180/ui/dist/scripts/scripts.js (1)
[0709/115257.745:INFO:CONSOLE(1)] "CEF ANGULARJS PAGELOAD - notify cpp", source: file:///E:/Abdul%20Rehman/Wallpapers/_Getintopc.com_Wallpaper_Engine_v1.4.180/Wallpaper_Engine_v1.4.180/ui/dist/scripts/scripts.js (1)
[0709/115258.014:INFO:CONSOLE(1)] "CEF ANGULARJS PAGELOAD - resolve locale from cache en-us", source: file:///E:/Abdul%20Rehman/Wallpapers/_Getintopc.com_Wallpaper_Engine_v1.4.180/Wallpaper_Engine_v1.4.180/ui/dist/scripts/scripts.js (1)
[0709/115258.014:INFO:CONSOLE(1)] "CEF ANGULARJS PAGELOAD - request localeLoader", source: file:///E:/Abdul%20Rehman/Wallpapers/_Getintopc.com_Wallpaper_Engine_v1.4.180/Wallpaper_Engine_v1.4.180/ui/dist/scripts/scripts.js (1)
[0709/115258.097:INFO:CONSOLE(1)] "CEF ANGULARJS PAGELOAD - resolve locale from cache en-us", source: file:///E:/Abdul%20Rehman/Wallpapers/_Getintopc.com_Wallpaper_Engine_v1.4.180/Wallpaper_Engine_v1.4.180/ui/dist/scripts/scripts.js (1)
[0709/115258.097:INFO:CONSOLE(1)] "CEF ANGULARJS PAGELOAD - request localeLoader", source: file:///E:/Abdul%20Rehman/Wallpapers/_Getintopc.com_Wallpaper_Engine_v1.4.180/Wallpaper_Engine_v1.4.180/ui/dist/scripts/scripts.js (1)
[0709/115258.232:INFO:CONSOLE(1)] "CEF ANGULARJS PAGELOAD - resolve locale from cache en-us", source: file:///E:/Abdul%20Rehman/Wallpapers/_Getintopc.com_Wallpaper_Engine_v1.4.180/Wallpaper_Engine_v1.4.180/ui/dist/scripts/scripts.js (1)
[0709/115258.232:INFO:CONSOLE(1)] "CEF ANGULARJS PAGELOAD - request localeLoader", source: file:///E:/Abdul%20Rehman/Wallpapers/_Getintopc.com_Wallpaper_Engine_v1.4.180/Wallpaper_Engine_v1.4.180/ui/dist/scripts/scripts.js (1)
[0709/130150.640:INFO:CONSOLE(1)] "CEF ANGULARJS PAGELOAD - config 1", source: file:///E:/Abdul%20Rehman/Wallpapers/_Getintopc.com_Wallpaper_Engine_v1.4.180/Wallpaper_Engine_v1.4.180/ui/dist/scripts/scripts.js (1)
[0709/130150.693:INFO:CONSOLE(1)] "CEF ANGULARJS PAGELOAD - config 2", source: file:///E:/Abdul%20Rehman/Wallpapers/_Getintopc.com_Wallpaper_Engine_v1.4.180/Wallpaper_Engine_v1.4.180/ui/dist/scripts/scripts.js (1)
[0709/130150.694:INFO:CONSOLE(1)] "CEF ANGULARJS PAGELOAD - declare localeLoader", source: file:///E:/Abdul%20Rehman/Wallpapers/_Getintopc.com_Wallpaper_Engine_v1.4.180/Wallpaper_Engine_v1.4.180/ui/dist/scripts/scripts.js (1)
[0709/130150.694:INFO:CONSOLE(1)] "CEF ANGULARJS PAGELOAD - resolve locale via request applocale://en-us", source: file:///E:/Abdul%20Rehman/Wallpapers/_Getintopc.com_Wallpaper_Engine_v1.4.180/Wallpaper_Engine_v1.4.180/ui/dist/scripts/scripts.js (1)
[0709/130150.877:INFO:CONSOLE(1)] "CEF ANGULARJS PAGELOAD - request localeLoader", source: file:///E:/Abdul%20Rehman/Wallpapers/_Getintopc.com_Wallpaper_Engine_v1.4.180/Wallpaper_Engine_v1.4.180/ui/dist/scripts/scripts.js (1)
[0709/130150.881:INFO:CONSOLE(1)] "CEF ANGULARJS PAGELOAD - run", source: file:///E:/Abdul%20Rehman/Wallpapers/_Getintopc.com_Wallpaper_Engine_v1.4.180/Wallpaper_Engine_v1.4.180/ui/dist/scripts/scripts.js (1)
[0709/130150.921:INFO:CONSOLE(1)] "CEF ANGULARJS PAGELOAD - success localeLoader", source: file:///E:/Abdul%20Rehman/Wallpapers/_Getintopc.com_Wallpaper_Engine_v1.4.180/Wallpaper_Engine_v1.4.180/ui/dist/scripts/scripts.js (1)
[0709/130150.949:INFO:CONSOLE(1)] "CEF ANGULARJS PAGELOAD - route changed", source: file:///E:/Abdul%20Rehman/Wallpapers/_Getintopc.com_Wallpaper_Engine_v1.4.180/Wallpaper_Engine_v1.4.180/ui/dist/scripts/scripts.js (1)
[0709/130151.427:INFO:CONSOLE(1)] "CEF ANGULARJS PAGELOAD - resolve locale from cache en-us", source: file:///E:/Abdul%20Rehman/Wallpapers/_Getintopc.com_Wallpaper_Engine_v1.4.180/Wallpaper_Engine_v1.4.180/ui/dist/scripts/scripts.js (1)
[0709/130151.427:INFO:CONSOLE(1)] "CEF ANGULARJS PAGELOAD - request localeLoader", source: file:///E:/Abdul%20Rehman/Wallpapers/_Getintopc.com_Wallpaper_Engine_v1.4.180/Wallpaper_Engine_v1.4.180/ui/dist/scripts/scripts.js (1)
[0709/130151.442:INFO:CONSOLE(1)] "CEF ANGULARJS PAGELOAD - notify cpp", source: file:///E:/Abdul%20Rehman/Wallpapers/_Getintopc.com_Wallpaper_Engine_v1.4.180/Wallpaper_Engine_v1.4.180/ui/dist/scripts/scripts.js (1)
[0709/130152.607:INFO:CONSOLE(1)] "CEF ANGULARJS BROWSER - onCppInit begin", source: file:///E:/Abdul%20Rehman/Wallpapers/_Getintopc.com_Wallpaper_Engine_v1.4.180/Wallpaper_Engine_v1.4.180/ui/dist/scripts/scripts.js (1)
[0709/130152.609:INFO:CONSOLE(1)] "CEF ANGULARJS BROWSER - onCppInit end", source: file:///E:/Abdul%20Rehman/Wallpapers/_Getintopc.com_Wallpaper_Engine_v1.4.180/Wallpaper_Engine_v1.4.180/ui/dist/scripts/scripts.js (1)
[0709/130153.092:INFO:CONSOLE(1)] "CEF ANGULARJS PAGELOAD - resolve locale from cache en-us", source: file:///E:/Abdul%20Rehman/Wallpapers/_Getintopc.com_Wallpaper_Engine_v1.4.180/Wallpaper_Engine_v1.4.180/ui/dist/scripts/scripts.js (1)
[0709/130153.093:INFO:CONSOLE(1)] "CEF ANGULARJS PAGELOAD - request localeLoader", source: file:///E:/Abdul%20Rehman/Wallpapers/_Getintopc.com_Wallpaper_Engine_v1.4.180/Wallpaper_Engine_v1.4.180/ui/dist/scripts/scripts.js (1)
[0709/182841.245:INFO:CONSOLE(1)] "CEF ANGULARJS PAGELOAD - config 1", source: file:///E:/Abdul%20Rehman/Wallpapers/_Getintopc.com_Wallpaper_Engine_v1.4.180/Wallpaper_Engine_v1.4.180/ui/dist/scripts/scripts.js (1)
[0709/182841.268:INFO:CONSOLE(1)] "CEF ANGULARJS PAGELOAD - config 2", source: file:///E:/Abdul%20Rehman/Wallpapers/_Getintopc.com_Wallpaper_Engine_v1.4.180/Wallpaper_Engine_v1.4.180/ui/dist/scripts/scripts.js (1)
[0709/182841.268:INFO:CONSOLE(1)] "CEF ANGULARJS PAGELOAD - declare localeLoader", source: file:///E:/Abdul%20Rehman/Wallpapers/_Getintopc.com_Wallpaper_Engine_v1.4.180/Wallpaper_Engine_v1.4.180/ui/dist/scripts/scripts.js (1)
[0709/182841.268:INFO:CONSOLE(1)] "CEF ANGULARJS PAGELOAD - resolve locale via request applocale://en-us", source: file:///E:/Abdul%20Rehman/Wallpapers/_Getintopc.com_Wallpaper_Engine_v1.4.180/Wallpaper_Engine_v1.4.180/ui/dist/scripts/scripts.js (1)
[0709/182842.902:INFO:CONSOLE(1)] "CEF ANGULARJS PAGELOAD - request localeLoader", source: file:///E:/Abdul%20Rehman/Wallpapers/_Getintopc.com_Wallpaper_Engine_v1.4.180/Wallpaper_Engine_v1.4.180/ui/dist/scripts/scripts.js (1)
[0709/182842.904:INFO:CONSOLE(1)] "CEF ANGULARJS PAGELOAD - run", source: file:///E:/Abdul%20Rehman/Wallpapers/_Getintopc.com_Wallpaper_Engine_v1.4.180/Wallpaper_Engine_v1.4.180/ui/dist/scripts/scripts.js (1)
[0709/182843.266:INFO:CONSOLE(1)] "CEF ANGULARJS PAGELOAD - success localeLoader", source: file:///E:/Abdul%20Rehman/Wallpapers/_Getintopc.com_Wallpaper_Engine_v1.4.180/Wallpaper_Engine_v1.4.180/ui/dist/scripts/scripts.js (1)
[0709/182843.287:INFO:CONSOLE(1)] "CEF ANGULARJS PAGELOAD - route changed", source: file:///E:/Abdul%20Rehman/Wallpapers/_Getintopc.com_Wallpaper_Engine_v1.4.180/Wallpaper_Engine_v1.4.180/ui/dist/scripts/scripts.js (1)
[0709/182857.645:INFO:CONSOLE(1)] "CEF ANGULARJS PAGELOAD - resolve locale from cache en-us", source: file:///E:/Abdul%20Rehman/Wallpapers/_Getintopc.com_Wallpaper_Engine_v1.4.180/Wallpaper_Engine_v1.4.180/ui/dist/scripts/scripts.js (1)
[0709/182857.645:INFO:CONSOLE(1)] "CEF ANGULARJS PAGELOAD - request localeLoader", source: file:///E:/Abdul%20Rehman/Wallpapers/_Getintopc.com_Wallpaper_Engine_v1.4.180/Wallpaper_Engine_v1.4.180/ui/dist/scripts/scripts.js (1)
[0709/182857.830:INFO:CONSOLE(1)] "CEF ANGULARJS PAGELOAD - notify cpp", source: file:///E:/Abdul%20Rehman/Wallpapers/_Getintopc.com_Wallpaper_Engine_v1.4.180/Wallpaper_Engine_v1.4.180/ui/dist/scripts/scripts.js (1)
[0709/182909.075:INFO:CONSOLE(1)] "CEF ANGULARJS BROWSER - onCppInit begin", source: file:///E:/Abdul%20Rehman/Wallpapers/_Getintopc.com_Wallpaper_Engine_v1.4.180/Wallpaper_Engine_v1.4.180/ui/dist/scripts/scripts.js (1)
[0709/182909.078:INFO:CONSOLE(1)] "CEF ANGULARJS BROWSER - onCppInit end", source: file:///E:/Abdul%20Rehman/Wallpapers/_Getintopc.com_Wallpaper_Engine_v1.4.180/Wallpaper_Engine_v1.4.180/ui/dist/scripts/scripts.js (1)
[0709/182915.362:INFO:CONSOLE(1)] "CEF ANGULARJS PAGELOAD - resolve locale from cache en-us", source: file:///E:/Abdul%20Rehman/Wallpapers/_Getintopc.com_Wallpaper_Engine_v1.4.180/Wallpaper_Engine_v1.4.180/ui/dist/scripts/scripts.js (1)
[0709/182915.362:INFO:CONSOLE(1)] "CEF ANGULARJS PAGELOAD - request localeLoader", source: file:///E:/Abdul%20Rehman/Wallpapers/_Getintopc.com_Wallpaper_Engine_v1.4.180/Wallpaper_Engine_v1.4.180/ui/dist/scripts/scripts.js (1)
[0709/183525.028:INFO:CONSOLE(1)] "CEF ANGULARJS PAGELOAD - config 1", source: file:///E:/Abdul%20Rehman/Wallpapers/_Getintopc.com_Wallpaper_Engine_v1.4.180/Wallpaper_Engine_v1.4.180/ui/dist/scripts/scripts.js (1)
[0709/183525.029:INFO:CONSOLE(1)] "CEF ANGULARJS PAGELOAD - config 2", source: file:///E:/Abdul%20Rehman/Wallpapers/_Getintopc.com_Wallpaper_Engine_v1.4.180/Wallpaper_Engine_v1.4.180/ui/dist/scripts/scripts.js (1)
[0709/183525.038:INFO:CONSOLE(1)] "CEF ANGULARJS PAGELOAD - declare localeLoader", source: file:///E:/Abdul%20Rehman/Wallpapers/_Getintopc.com_Wallpaper_Engine_v1.4.180/Wallpaper_Engine_v1.4.180/ui/dist/scripts/scripts.js (1)
[0709/183525.038:INFO:CONSOLE(1)] "CEF ANGULARJS PAGELOAD - resolve locale via request applocale://en-us", source: file:///E:/Abdul%20Rehman/Wallpapers/_Getintopc.com_Wallpaper_Engine_v1.4.180/Wallpaper_Engine_v1.4.180/ui/dist/scripts/scripts.js (1)
[0709/183525.046:INFO:CONSOLE(1)] "CEF ANGULARJS PAGELOAD - request localeLoader", source: file:///E:/Abdul%20Rehman/Wallpapers/_Getintopc.com_Wallpaper_Engine_v1.4.180/Wallpaper_Engine_v1.4.180/ui/dist/scripts/scripts.js (1)
[0709/183525.048:INFO:CONSOLE(1)] "CEF ANGULARJS PAGELOAD - run", source: file:///E:/Abdul%20Rehman/Wallpapers/_Getintopc.com_Wallpaper_Engine_v1.4.180/Wallpaper_Engine_v1.4.180/ui/dist/scripts/scripts.js (1)
[0709/183525.061:INFO:CONSOLE(1)] "CEF ANGULARJS PAGELOAD - success localeLoader", source: file:///E:/Abdul%20Rehman/Wallpapers/_Getintopc.com_Wallpaper_Engine_v1.4.180/Wallpaper_Engine_v1.4.180/ui/dist/scripts/scripts.js (1)
[0709/183525.077:INFO:CONSOLE(1)] "CEF ANGULARJS PAGELOAD - route changed", source: file:///E:/Abdul%20Rehman/Wallpapers/_Getintopc.com_Wallpaper_Engine_v1.4.180/Wallpaper_Engine_v1.4.180/ui/dist/scripts/scripts.js (1)
[0709/183525.401:INFO:CONSOLE(1)] "CEF ANGULARJS PAGELOAD - resolve locale from cache en-us", source: file:///E:/Abdul%20Rehman/Wallpapers/_Getintopc.com_Wallpaper_Engine_v1.4.180/Wallpaper_Engine_v1.4.180/ui/dist/scripts/scripts.js (1)
[0709/183525.401:INFO:CONSOLE(1)] "CEF ANGULARJS PAGELOAD - request localeLoader", source: file:///E:/Abdul%20Rehman/Wallpapers/_Getintopc.com_Wallpaper_Engine_v1.4.180/Wallpaper_Engine_v1.4.180/ui/dist/scripts/scripts.js (1)
[0709/183525.410:INFO:CONSOLE(1)] "CEF ANGULARJS PAGELOAD - notify cpp", source: file:///E:/Abdul%20Rehman/Wallpapers/_Getintopc.com_Wallpaper_Engine_v1.4.180/Wallpaper_Engine_v1.4.180/ui/dist/scripts/scripts.js (1)
[0709/183525.529:INFO:CONSOLE(1)] "CEF ANGULARJS BROWSER - onCppInit begin", source: file:///E:/Abdul%20Rehman/Wallpapers/_Getintopc.com_Wallpaper_Engine_v1.4.180/Wallpaper_Engine_v1.4.180/ui/dist/scripts/scripts.js (1)
[0709/183525.529:INFO:CONSOLE(1)] "CEF ANGULARJS BROWSER - onCppInit end", source: file:///E:/Abdul%20Rehman/Wallpapers/_Getintopc.com_Wallpaper_Engine_v1.4.180/Wallpaper_Engine_v1.4.180/ui/dist/scripts/scripts.js (1)
[0709/183525.729:INFO:CONSOLE(1)] "CEF ANGULARJS PAGELOAD - resolve locale from cache en-us", source: file:///E:/Abdul%20Rehman/Wallpapers/_Getintopc.com_Wallpaper_Engine_v1.4.180/Wallpaper_Engine_v1.4.180/ui/dist/scripts/scripts.js (1)
[0709/183525.729:INFO:CONSOLE(1)] "CEF ANGULARJS PAGELOAD - request localeLoader", source: file:///E:/Abdul%20Rehman/Wallpapers/_Getintopc.com_Wallpaper_Engine_v1.4.180/Wallpaper_Engine_v1.4.180/ui/dist/scripts/scripts.js (1)
[0710/110036.730:INFO:CONSOLE(1)] "CEF ANGULARJS PAGELOAD - config 1", source: file:///E:/Abdul%20Rehman/Wallpapers/_Getintopc.com_Wallpaper_Engine_v1.4.180/Wallpaper_Engine_v1.4.180/ui/dist/scripts/scripts.js (1)
[0710/110036.781:INFO:CONSOLE(1)] "CEF ANGULARJS PAGELOAD - config 2", source: file:///E:/Abdul%20Rehman/Wallpapers/_Getintopc.com_Wallpaper_Engine_v1.4.180/Wallpaper_Engine_v1.4.180/ui/dist/scripts/scripts.js (1)
[0710/110036.781:INFO:CONSOLE(1)] "CEF ANGULARJS PAGELOAD - declare localeLoader", source: file:///E:/Abdul%20Rehman/Wallpapers/_Getintopc.com_Wallpaper_Engine_v1.4.180/Wallpaper_Engine_v1.4.180/ui/dist/scripts/scripts.js (1)
[0710/110036.781:INFO:CONSOLE(1)] "CEF ANGULARJS PAGELOAD - resolve locale via request applocale://en-us", source: file:///E:/Abdul%20Rehman/Wallpapers/_Getintopc.com_Wallpaper_Engine_v1.4.180/Wallpaper_Engine_v1.4.180/ui/dist/scripts/scripts.js (1)
[0710/110036.781:INFO:CONSOLE(1)] "CEF ANGULARJS PAGELOAD - request localeLoader", source: file:///E:/Abdul%20Rehman/Wallpapers/_Getintopc.com_Wallpaper_Engine_v1.4.180/Wallpaper_Engine_v1.4.180/ui/dist/scripts/scripts.js (1)
[0710/110036.781:INFO:CONSOLE(1)] "CEF ANGULARJS PAGELOAD - run", source: file:///E:/Abdul%20Rehman/Wallpapers/_Getintopc.com_Wallpaper_Engine_v1.4.180/Wallpaper_Engine_v1.4.180/ui/dist/scripts/scripts.js (1)
[0710/110036.781:INFO:CONSOLE(1)] "CEF ANGULARJS PAGELOAD - success localeLoader", source: file:///E:/Abdul%20Rehman/Wallpapers/_Getintopc.com_Wallpaper_Engine_v1.4.180/Wallpaper_Engine_v1.4.180/ui/dist/scripts/scripts.js (1)
[0710/110036.795:INFO:CONSOLE(1)] "CEF ANGULARJS PAGELOAD - route changed", source: file:///E:/Abdul%20Rehman/Wallpapers/_Getintopc.com_Wallpaper_Engine_v1.4.180/Wallpaper_Engine_v1.4.180/ui/dist/scripts/scripts.js (1)
[0710/110037.171:INFO:CONSOLE(1)] "CEF ANGULARJS PAGELOAD - resolve locale from cache en-us", source: file:///E:/Abdul%20Rehman/Wallpapers/_Getintopc.com_Wallpaper_Engine_v1.4.180/Wallpaper_Engine_v1.4.180/ui/dist/scripts/scripts.js (1)
[0710/110037.172:INFO:CONSOLE(1)] "CEF ANGULARJS PAGELOAD - request localeLoader", source: file:///E:/Abdul%20Rehman/Wallpapers/_Getintopc.com_Wallpaper_Engine_v1.4.180/Wallpaper_Engine_v1.4.180/ui/dist/scripts/scripts.js (1)
[0710/110037.212:INFO:CONSOLE(1)] "CEF ANGULARJS PAGELOAD - notify cpp", source: file:///E:/Abdul%20Rehman/Wallpapers/_Getintopc.com_Wallpaper_Engine_v1.4.180/Wallpaper_Engine_v1.4.180/ui/dist/scripts/scripts.js (1)
[0710/110037.398:INFO:CONSOLE(1)] "CEF ANGULARJS BROWSER - onCppInit begin", source: file:///E:/Abdul%20Rehman/Wallpapers/_Getintopc.com_Wallpaper_Engine_v1.4.180/Wallpaper_Engine_v1.4.180/ui/dist/scripts/scripts.js (1)
[0710/110037.398:INFO:CONSOLE(1)] "CEF ANGULARJS BROWSER - onCppInit end", source: file:///E:/Abdul%20Rehman/Wallpapers/_Getintopc.com_Wallpaper_Engine_v1.4.180/Wallpaper_Engine_v1.4.180/ui/dist/scripts/scripts.js (1)
[0710/110037.785:INFO:CONSOLE(1)] "CEF ANGULARJS PAGELOAD - resolve locale from cache en-us", source: file:///E:/Abdul%20Rehman/Wallpapers/_Getintopc.com_Wallpaper_Engine_v1.4.180/Wallpaper_Engine_v1.4.180/ui/dist/scripts/scripts.js (1)
[0710/110037.785:INFO:CONSOLE(1)] "CEF ANGULARJS PAGELOAD - request localeLoader", source: file:///E:/Abdul%20Rehman/Wallpapers/_Getintopc.com_Wallpaper_Engine_v1.4.180/Wallpaper_Engine_v1.4.180/ui/dist/scripts/scripts.js (1)
[0719/125026.438:INFO:CONSOLE(1)] "CEF ANGULARJS PAGELOAD - config 1", source: file:///E:/Abdul%20Rehman/Wallpapers/_Getintopc.com_Wallpaper_Engine_v1.4.180/Wallpaper_Engine_v1.4.180/ui/dist/scripts/scripts.js (1)
[0719/125026.478:INFO:CONSOLE(1)] "CEF ANGULARJS PAGELOAD - config 2", source: file:///E:/Abdul%20Rehman/Wallpapers/_Getintopc.com_Wallpaper_Engine_v1.4.180/Wallpaper_Engine_v1.4.180/ui/dist/scripts/scripts.js (1)
[0719/125026.478:INFO:CONSOLE(1)] "CEF ANGULARJS PAGELOAD - declare localeLoader", source: file:///E:/Abdul%20Rehman/Wallpapers/_Getintopc.com_Wallpaper_Engine_v1.4.180/Wallpaper_Engine_v1.4.180/ui/dist/scripts/scripts.js (1)
[0719/125026.478:INFO:CONSOLE(1)] "CEF ANGULARJS PAGELOAD - resolve locale via request applocale://en-us", source: file:///E:/Abdul%20Rehman/Wallpapers/_Getintopc.com_Wallpaper_Engine_v1.4.180/Wallpaper_Engine_v1.4.180/ui/dist/scripts/scripts.js (1)
[0719/125026.829:INFO:CONSOLE(1)] "CEF ANGULARJS PAGELOAD - request localeLoader", source: file:///E:/Abdul%20Rehman/Wallpapers/_Getintopc.com_Wallpaper_Engine_v1.4.180/Wallpaper_Engine_v1.4.180/ui/dist/scripts/scripts.js (1)
[0719/125026.831:INFO:CONSOLE(1)] "CEF ANGULARJS PAGELOAD - run", source: file:///E:/Abdul%20Rehman/Wallpapers/_Getintopc.com_Wallpaper_Engine_v1.4.180/Wallpaper_Engine_v1.4.180/ui/dist/scripts/scripts.js (1)
[0719/125026.922:INFO:CONSOLE(1)] "CEF ANGULARJS PAGELOAD - success localeLoader", source: file:///E:/Abdul%20Rehman/Wallpapers/_Getintopc.com_Wallpaper_Engine_v1.4.180/Wallpaper_Engine_v1.4.180/ui/dist/scripts/scripts.js (1)
[0719/125026.953:INFO:CONSOLE(1)] "CEF ANGULARJS PAGELOAD - route changed", source: file:///E:/Abdul%20Rehman/Wallpapers/_Getintopc.com_Wallpaper_Engine_v1.4.180/Wallpaper_Engine_v1.4.180/ui/dist/scripts/scripts.js (1)
[0719/125054.813:INFO:CONSOLE(1)] "CEF ANGULARJS PAGELOAD - resolve locale from cache en-us", source: file:///E:/Abdul%20Rehman/Wallpapers/_Getintopc.com_Wallpaper_Engine_v1.4.180/Wallpaper_Engine_v1.4.180/ui/dist/scripts/scripts.js (1)
[0719/125054.813:INFO:CONSOLE(1)] "CEF ANGULARJS PAGELOAD - request localeLoader", source: file:///E:/Abdul%20Rehman/Wallpapers/_Getintopc.com_Wallpaper_Engine_v1.4.180/Wallpaper_Engine_v1.4.180/ui/dist/scripts/scripts.js (1)
[0719/125054.825:INFO:CONSOLE(1)] "CEF ANGULARJS PAGELOAD - notify cpp", source: file:///E:/Abdul%20Rehman/Wallpapers/_Getintopc.com_Wallpaper_Engine_v1.4.180/Wallpaper_Engine_v1.4.180/ui/dist/scripts/scripts.js (1)
[0719/125059.249:INFO:CONSOLE(1)] "CEF ANGULARJS BROWSER - onCppInit begin", source: file:///E:/Abdul%20Rehman/Wallpapers/_Getintopc.com_Wallpaper_Engine_v1.4.180/Wallpaper_Engine_v1.4.180/ui/dist/scripts/scripts.js (1)
[0719/125059.251:INFO:CONSOLE(1)] "CEF ANGULARJS BROWSER - onCppInit end", source: file:///E:/Abdul%20Rehman/Wallpapers/_Getintopc.com_Wallpaper_Engine_v1.4.180/Wallpaper_Engine_v1.4.180/ui/dist/scripts/scripts.js (1)
